  Using 'git status' to determine working set for adaptive non-unity build (D:\GithubRepo\FinalYearProject).
  Parsing headers for FinalProjectEditor
    Running UnrealHeaderTool "D:\GithubRepo\FinalYearProject\FinalProject\FinalProject.uproject" "D:\GithubRepo\FinalYearProject\FinalProject\Intermediate\Build\Win64\FinalProjectEditor\Development\FinalProjectEditor.uhtmanifest" -LogCmds="loginit warning, logexit warning, logdatabase error" -Unattended -WarningsAsErrors -abslog="C:\Users\james\AppData\Local\UnrealBuildTool\Log_UHT.txt" -installed
  LogInit: Display: Loading text-based GConfig....
  Reflection code generated for FinalProjectEditor in 109.0735832 seconds
  Building FinalProjectEditor...
  Using Visual Studio 2019 14.29.30137 toolchain (C:\Program Files (x86)\Microsoft Visual Studio\2019\Community\VC\Tools\MSVC\14.29.30133) and Windows 10.0.19041.0 SDK (C:\Program Files (x86)\Windows Kits\10).
  Building 8 actions with 12 processes...
    [1/8] FinalProject.init.gen.cpp
    [2/8] Weapon.cpp
    [3/8] Weapon.gen.cpp
    [4/8] ShooterAnimInstance.cpp
    [5/8] CharacterMovement.cpp
D:\GithubRepo\FinalYearProject\FinalProject\Source\FinalProject\CharacterMovement.cpp(52): warning C5038: data member 'ACharacterMovement::bShouldFire' will be initialized after data member 'ACharacterMovement::bFireButtonPressed'
    [6/8] UE4Editor-FinalProject-0010.lib
       Creating library D:\GithubRepo\FinalYearProject\FinalProject\Intermediate\Build\Win64\UE4Editor\Development\FinalProject\UE4Editor-FinalProject-0010.lib and object D:\GithubRepo\FinalYearProject\FinalProject\Intermediate\Build\Win64\UE4Editor\Development\FinalProject\UE4Editor-FinalProject-0010.exp
    [7/8] UE4Editor-FinalProject-0010.dll
       Creating library D:\GithubRepo\FinalYearProject\FinalProject\Intermediate\Build\Win64\UE4Editor\Development\FinalProject\UE4Editor-FinalProject-0010.suppressed.lib and object D:\GithubRepo\FinalYearProject\FinalProject\Intermediate\Build\Win64\UE4Editor\Development\FinalProject\UE4Editor-FinalProject-0010.suppressed.exp
    [8/8] FinalProjectEditor.target
  Total time in Parallel executor: 847.87 seconds
  Total execution time: 964.68 seconds
