Log file open, 03/24/22 20:15:52
LogWindows: Failed to load 'aqProf.dll' (GetLastError=126)
LogWindows: File 'aqProf.dll' does not exist
LogWindows: Failed to load 'VtuneApi.dll' (GetLastError=126)
LogWindows: File 'VtuneApi.dll' does not exist
LogWindows: Failed to load 'VtuneApi32e.dll' (GetLastError=126)
LogWindows: File 'VtuneApi32e.dll' does not exist
LogConsoleResponse: Display: Failed to find resolution value strings in scalability ini. Falling back to default.
LogConsoleResponse: Display: Failed to find resolution value strings in scalability ini. Falling back to default.
LogInit: Display: Running engine for game: FinalProject
LogPlatformFile: Not using cached read wrapper
LogTaskGraph: Started task graph with 5 named threads and 35 total threads with 3 sets of task threads.
LogStats: Stats thread started at 3.740630
LogICUInternationalization: ICU TimeZone Detection - Raw Offset: +0:00, Platform Override: ''
LogInit: Display: Loading text-based GConfig....
LogPluginManager: Mounting plugin MeshPainting
LogPluginManager: Mounting plugin XGEController
LogPluginManager: Mounting plugin Paper2D
LogPluginManager: Mounting plugin EnvironmentQueryEditor
LogPluginManager: Mounting plugin AISupport
LogPluginManager: Mounting plugin LightPropagationVolume
LogPluginManager: Mounting plugin LiveLink
LogPluginManager: Mounting plugin GameplayCameras
LogPluginManager: Mounting plugin CameraShakePreviewer
LogPluginManager: Mounting plugin AnimationSharing
LogPluginManager: Mounting plugin CLionSourceCodeAccess
LogPluginManager: Mounting plugin CodeLiteSourceCodeAccess
LogPluginManager: Mounting plugin GitSourceControl
LogPluginManager: Mounting plugin KDevelopSourceCodeAccess
LogPluginManager: Mounting plugin NullSourceCodeAccess
LogPluginManager: Mounting plugin PerforceSourceControl
LogPluginManager: Mounting plugin PixWinPlugin
LogPluginManager: Mounting plugin PluginUtils
LogPluginManager: Mounting plugin PlasticSourceControl
LogPluginManager: Mounting plugin PropertyAccessNode
LogPluginManager: Mounting plugin RiderSourceCodeAccess
LogPluginManager: Mounting plugin SubversionSourceControl
LogPluginManager: Mounting plugin TextureFormatOodle
LogPluginManager: Mounting plugin OodleData
LogPluginManager: Mounting plugin UObjectPlugin
LogPluginManager: Mounting plugin VisualStudioCodeSourceCodeAccess
LogPluginManager: Mounting plugin VisualStudioSourceCodeAccess
LogPluginManager: Mounting plugin OodleNetwork
LogPluginManager: Mounting plugin XCodeSourceCodeAccess
LogPluginManager: Mounting plugin DatasmithContent
LogPluginManager: Mounting plugin VariantManagerContent
LogPluginManager: Mounting plugin AlembicImporter
LogPluginManager: Mounting plugin AutomationUtils
LogPluginManager: Mounting plugin BackChannel
LogPluginManager: Mounting plugin ChaosCloth
LogPluginManager: Mounting plugin ChaosClothEditor
LogPluginManager: Mounting plugin ChaosEditor
LogPluginManager: Mounting plugin ChaosNiagara
LogPluginManager: Mounting plugin ChaosSolverPlugin
LogPluginManager: Mounting plugin CharacterAI
LogPluginManager: Mounting plugin GeometryCache
LogPluginManager: Mounting plugin GeometryCollectionPlugin
LogPluginManager: Mounting plugin AssetManagerEditor
LogPluginManager: Mounting plugin CryptoKeys
LogPluginManager: Mounting plugin DataValidation
LogPluginManager: Mounting plugin CurveEditorTools
LogPluginManager: Mounting plugin FacialAnimation
LogPluginManager: Mounting plugin GameplayTagsEditor
LogPluginManager: Mounting plugin GeometryMode
LogPluginManager: Mounting plugin MacGraphicsSwitching
LogPluginManager: Mounting plugin MaterialAnalyzer
LogPluginManager: Mounting plugin PluginBrowser
LogPluginManager: Mounting plugin MobileLauncherProfileWizard
LogPluginManager: Mounting plugin SpeedTreeImporter
LogPluginManager: Mounting plugin Niagara
LogPluginManager: Mounting plugin GeometryProcessing
LogPluginManager: Mounting plugin MotoSynth
LogPluginManager: Mounting plugin OpenImageDenoise
LogPluginManager: Mounting plugin PlanarCut
LogPluginManager: Mounting plugin PlatformCrypto
LogPluginManager: Mounting plugin ProxyLODPlugin
LogPluginManager: Mounting plugin PythonScriptPlugin
LogPluginManager: Mounting plugin SkeletalReduction
LogPluginManager: Mounting plugin LuminPlatformFeatures
LogPluginManager: Mounting plugin MagicLeap
LogPluginManager: Mounting plugin MagicLeapLightEstimation
LogPluginManager: Mounting plugin MagicLeapMedia
LogPluginManager: Mounting plugin MagicLeapPassableWorld
LogPluginManager: Mounting plugin MLSDK
LogPluginManager: Mounting plugin AndroidMedia
LogPluginManager: Mounting plugin AvfMedia
LogPluginManager: Mounting plugin ImgMedia
LogPluginManager: Mounting plugin MediaCompositing
LogPluginManager: Mounting plugin MediaPlayerEditor
LogPluginManager: Mounting plugin WmfMedia
LogPluginManager: Mounting plugin WebMMedia
LogPluginManager: Mounting plugin TcpMessaging
LogPluginManager: Mounting plugin UdpMessaging
LogPluginManager: Mounting plugin ActorSequence
LogPluginManager: Mounting plugin LevelSequenceEditor
LogPluginManager: Mounting plugin MatineeToLevelSequence
LogPluginManager: Mounting plugin TemplateSequence
LogPluginManager: Mounting plugin OnlineSubsystem
LogPluginManager: Mounting plugin OnlineSubsystemNull
LogPluginManager: Mounting plugin OnlineSubsystemUtils
LogPluginManager: Mounting plugin LauncherChunkInstaller
LogPluginManager: Mounting plugin ActorLayerUtilities
LogPluginManager: Mounting plugin AndroidDeviceProfileSelector
LogPluginManager: Mounting plugin AndroidPermission
LogPluginManager: Mounting plugin AndroidMoviePlayer
LogPluginManager: Mounting plugin AppleMoviePlayer
LogPluginManager: Mounting plugin ArchVisCharacter
LogPluginManager: Mounting plugin AppleImageUtils
LogPluginManager: Mounting plugin AudioCapture
LogPluginManager: Mounting plugin AssetTags
LogPluginManager: Mounting plugin AudioSynesthesia
LogPluginManager: Mounting plugin CableComponent
LogPluginManager: Mounting plugin ChunkDownloader
LogPluginManager: Mounting plugin CustomMeshComponent
LogPluginManager: Mounting plugin EditableMesh
LogPluginManager: Mounting plugin ExampleDeviceProfileSelector
LogPluginManager: Mounting plugin GoogleCloudMessaging
LogPluginManager: Mounting plugin GooglePAD
LogPluginManager: Mounting plugin IOSDeviceProfileSelector
LogPluginManager: Mounting plugin LinuxDeviceProfileSelector
LogPluginManager: Mounting plugin LocationServicesBPLibrary
LogPluginManager: Mounting plugin MobilePatchingUtils
LogPluginManager: Mounting plugin OpenXREyeTracker
LogPluginManager: Mounting plugin OpenXR
LogPluginManager: Mounting plugin OpenXRHandTracking
LogPluginManager: Mounting plugin PhysXVehicles
LogPluginManager: Mounting plugin ScreenshotTools
LogPluginManager: Mounting plugin PostSplashScreen
LogPluginManager: Mounting plugin ProceduralMeshComponent
LogPluginManager: Mounting plugin PropertyAccessEditor
LogPluginManager: Mounting plugin RuntimePhysXCooking
LogPluginManager: Mounting plugin Takes
LogPluginManager: Mounting plugin SignificanceManager
LogPluginManager: Mounting plugin SoundFields
LogPluginManager: Mounting plugin Synthesis
LogPluginManager: Mounting plugin WebMMoviePlayer
LogPluginManager: Mounting plugin WindowsMoviePlayer
LogPluginManager: Mounting plugin ContentBrowserAssetDataSource
LogPluginManager: Mounting plugin ContentBrowserClassDataSource
LogPluginManager: Mounting plugin ContentBrowserFileDataSource
LogPluginManager: Mounting plugin OnlineSubsystemGooglePlay
LogPluginManager: Mounting plugin OnlineSubsystemIOS
LogPluginManager: Mounting plugin OculusVR
LogPluginManager: Mounting plugin SteamVR
PixWinPlugin: PIX capture plugin failed to initialize! Check that the process is launched from PIX.
LogInit: Using libcurl 7.55.1-DEV
LogInit:  - built for x86_64-pc-win32
LogInit:  - supports SSL with OpenSSL/1.1.1
LogInit:  - supports HTTP deflate (compression) using libz 1.2.8
LogInit:  - other features:
LogInit:      CURL_VERSION_SSL
LogInit:      CURL_VERSION_LIBZ
LogInit:      CURL_VERSION_IPV6
LogInit:      CURL_VERSION_ASYNCHDNS
LogInit:      CURL_VERSION_LARGEFILE
LogInit:      CURL_VERSION_IDN
LogInit:  CurlRequestOptions (configurable via config and command line):
LogInit:  - bVerifyPeer = true  - Libcurl will verify peer certificate
LogInit:  - bUseHttpProxy = false  - Libcurl will NOT use HTTP proxy
LogInit:  - bDontReuseConnections = false  - Libcurl will reuse connections
LogInit:  - MaxHostConnections = 16  - Libcurl will limit the number of connections to a host
LogInit:  - LocalHostAddr = Default
LogInit:  - BufferSize = 65536
LogOnline: OSS: Creating online subsystem instance for: NULL
LogInit: WinSock: version 1.1 (2.2), MaxSocks=32767, MaxUdp=65467
LogOnline: OSS: TryLoadSubsystemAndSetDefault: Loaded subsystem for module [NULL]
LogOculusPluginWrapper: OculusPlugin initialized successfully
LogHMD: Failed initializing OVRPlugin 1.59.0
LogInit: Build: ++UE4+Release-4.27-CL-18319896
LogInit: Engine Version: 4.27.2-18319896+++UE4+Release-4.27
LogInit: Compatible Engine Version: 4.27.0-17155196+++UE4+Release-4.27
LogInit: Net CL: 17155196
LogInit: OS: Windows 10 (Release 2009) (), CPU: Intel(R) Core(TM) i7-8750H CPU @ 2.20GHz, GPU: Intel(R) UHD Graphics 630
LogInit: Compiled (64-bit): Nov 30 2021 07:12:08
LogInit: Compiled with Visual C++: 19.24.28315.00
LogInit: Build Configuration: Development
LogInit: Branch Name: ++UE4+Release-4.27
LogInit: Command Line:  -skipcompile
LogInit: Base Directory: D:/UE4.27/UE_4.27/Engine/Binaries/Win64/
LogInit: Allocator: TBB
LogInit: Installed Engine Build: 1
LogDevObjectVersion: Number of dev versions registered: 29
LogDevObjectVersion:   Dev-Blueprints (B0D832E4-1F89-4F0D-ACCF-7EB736FD4AA2): 10
LogDevObjectVersion:   Dev-Build (E1C64328-A22C-4D53-A36C-8E866417BD8C): 0
LogDevObjectVersion:   Dev-Core (375EC13C-06E4-48FB-B500-84F0262A717E): 4
LogDevObjectVersion:   Dev-Editor (E4B068ED-F494-42E9-A231-DA0B2E46BB41): 40
LogDevObjectVersion:   Dev-Framework (CFFC743F-43B0-4480-9391-14DF171D2073): 37
LogDevObjectVersion:   Dev-Mobile (B02B49B5-BB20-44E9-A304-32B752E40360): 3
LogDevObjectVersion:   Dev-Networking (A4E4105C-59A1-49B5-A7C5-40C4547EDFEE): 0
LogDevObjectVersion:   Dev-Online (39C831C9-5AE6-47DC-9A44-9C173E1C8E7C): 0
LogDevObjectVersion:   Dev-Physics (78F01B33-EBEA-4F98-B9B4-84EACCB95AA2): 14
LogDevObjectVersion:   Dev-Platform (6631380F-2D4D-43E0-8009-CF276956A95A): 0
LogDevObjectVersion:   Dev-Rendering (12F88B9F-8875-4AFC-A67C-D90C383ABD29): 45
LogDevObjectVersion:   Dev-Sequencer (7B5AE74C-D270-4C10-A958-57980B212A5A): 13
LogDevObjectVersion:   Dev-VR (D7296918-1DD6-4BDD-9DE2-64A83CC13884): 3
LogDevObjectVersion:   Dev-LoadTimes (C2A15278-BFE7-4AFE-6C17-90FF531DF755): 1
LogDevObjectVersion:   Private-Geometry (6EACA3D4-40EC-4CC1-B786-8BED09428FC5): 3
LogDevObjectVersion:   Dev-AnimPhys (29E575DD-E0A3-4627-9D10-D276232CDCEA): 17
LogDevObjectVersion:   Dev-Anim (AF43A65D-7FD3-4947-9873-3E8ED9C1BB05): 15
LogDevObjectVersion:   Dev-ReflectionCapture (6B266CEC-1EC7-4B8F-A30B-E4D90942FC07): 1
LogDevObjectVersion:   Dev-Automation (0DF73D61-A23F-47EA-B727-89E90C41499A): 1
LogDevObjectVersion:   FortniteMain (601D1886-AC64-4F84-AA16-D3DE0DEAC7D6): 47
LogDevObjectVersion:   FortniteRelease (E7086368-6B23-4C58-8439-1B7016265E91): 1
LogDevObjectVersion:   Dev-Enterprise (9DFFBCD6-494F-0158-E221-12823C92A888): 10
LogDevObjectVersion:   Dev-Niagara (F2AED0AC-9AFE-416F-8664-AA7FFA26D6FC): 1
LogDevObjectVersion:   Dev-Destruction (174F1F0B-B4C6-45A5-B13F-2EE8D0FB917D): 10
LogDevObjectVersion:   Dev-Physics-Ext (35F94A83-E258-406C-A318-09F59610247C): 41
LogDevObjectVersion:   Dev-PhysicsMaterial-Chaos (B68FC16E-8B1B-42E2-B453-215C058844FE): 1
LogDevObjectVersion:   Dev-CineCamera (B2E18506-4273-CFC2-A54E-F4BB758BBA07): 1
LogDevObjectVersion:   Dev-VirtualProduction (64F58936-FD1B-42BA-BA96-7289D5D0FA4E): 1
LogDevObjectVersion:   Dev-MediaFramework (6F0ED827-A609-4895-9C91-998D90180EA4): 2
LogInit: Presizing for max 25165824 objects, including 0 objects not considered by GC, pre-allocating 0 bytes for permanent pool.
LogConfig: Applying CVar settings from Section [/Script/Engine.StreamingSettings] File [D:/GithubRepo/FinalYearProject/FinalProject/Saved/Config/Windows/Engine.ini]
LogConfig: Setting CVar [[s.MinBulkDataSizeForAsyncLoading:131072]]
LogConfig: Setting CVar [[s.AsyncLoadingThreadEnabled:0]]
LogConfig: Setting CVar [[s.EventDrivenLoaderEnabled:1]]
LogConfig: Setting CVar [[s.WarnIfTimeLimitExceeded:0]]
LogConfig: Setting CVar [[s.TimeLimitExceededMultiplier:1.5]]
LogConfig: Setting CVar [[s.TimeLimitExceededMinTime:0.005]]
LogConfig: Setting CVar [[s.UseBackgroundLevelStreaming:1]]
LogConfig: Setting CVar [[s.PriorityAsyncLoadingExtraTime:15.0]]
LogConfig: Setting CVar [[s.LevelStreamingActorsUpdateTimeLimit:5.0]]
LogConfig: Setting CVar [[s.PriorityLevelStreamingActorsUpdateExtraTime:5.0]]
LogConfig: Setting CVar [[s.LevelStreamingComponentsRegistrationGranularity:10]]
LogConfig: Setting CVar [[s.UnregisterComponentsTimeLimit:1.0]]
LogConfig: Setting CVar [[s.LevelStreamingComponentsUnregistrationGranularity:5]]
LogConfig: Setting CVar [[s.FlushStreamingOnExit:1]]
LogInit: Object subsystem initialized
LogConfig: Setting CVar [[con.DebugEarlyDefault:1]]
LogConfig: Setting CVar [[r.setres:1280x720]]
[2022.03.24-20.16.06:376][  0]LogConfig: Setting CVar [[r.VSync:0]]
[2022.03.24-20.16.06:377][  0]LogConfig: Setting CVar [[r.RHICmdBypass:0]]
[2022.03.24-20.16.06:377][  0]LogConfig: Applying CVar settings from Section [/Script/Engine.RendererSettings] File [D:/GithubRepo/FinalYearProject/FinalProject/Saved/Config/Windows/Engine.ini]
[2022.03.24-20.16.06:377][  0]LogConfig: Setting CVar [[r.GPUCrashDebugging:0]]
[2022.03.24-20.16.06:377][  0]LogConfig: Applying CVar settings from Section [/Script/Engine.RendererOverrideSettings] File [D:/GithubRepo/FinalYearProject/FinalProject/Saved/Config/Windows/Engine.ini]
[2022.03.24-20.16.06:378][  0]LogConfig: Applying CVar settings from Section [/Script/Engine.StreamingSettings] File [D:/GithubRepo/FinalYearProject/FinalProject/Saved/Config/Windows/Engine.ini]
[2022.03.24-20.16.06:378][  0]LogConfig: Setting CVar [[s.MinBulkDataSizeForAsyncLoading:131072]]
[2022.03.24-20.16.06:378][  0]LogConfig: Setting CVar [[s.AsyncLoadingThreadEnabled:0]]
[2022.03.24-20.16.06:378][  0]LogConfig: Setting CVar [[s.EventDrivenLoaderEnabled:1]]
[2022.03.24-20.16.06:378][  0]LogConfig: Setting CVar [[s.WarnIfTimeLimitExceeded:0]]
[2022.03.24-20.16.06:378][  0]LogConfig: Setting CVar [[s.TimeLimitExceededMultiplier:1.5]]
[2022.03.24-20.16.06:378][  0]LogConfig: Setting CVar [[s.TimeLimitExceededMinTime:0.005]]
[2022.03.24-20.16.06:378][  0]LogConfig: Setting CVar [[s.UseBackgroundLevelStreaming:1]]
[2022.03.24-20.16.06:378][  0]LogConfig: Setting CVar [[s.PriorityAsyncLoadingExtraTime:15.0]]
[2022.03.24-20.16.06:378][  0]LogConfig: Setting CVar [[s.LevelStreamingActorsUpdateTimeLimit:5.0]]
[2022.03.24-20.16.06:379][  0]LogConfig: Setting CVar [[s.PriorityLevelStreamingActorsUpdateExtraTime:5.0]]
[2022.03.24-20.16.06:379][  0]LogConfig: Setting CVar [[s.LevelStreamingComponentsRegistrationGranularity:10]]
[2022.03.24-20.16.06:379][  0]LogConfig: Setting CVar [[s.UnregisterComponentsTimeLimit:1.0]]
[2022.03.24-20.16.06:379][  0]LogConfig: Setting CVar [[s.LevelStreamingComponentsUnregistrationGranularity:5]]
[2022.03.24-20.16.06:379][  0]LogConfig: Setting CVar [[s.FlushStreamingOnExit:1]]
[2022.03.24-20.16.06:379][  0]LogConfig: Applying CVar settings from Section [/Script/Engine.GarbageCollectionSettings] File [D:/GithubRepo/FinalYearProject/FinalProject/Saved/Config/Windows/Engine.ini]
[2022.03.24-20.16.06:379][  0]LogConfig: Setting CVar [[gc.MaxObjectsNotConsideredByGC:1]]
[2022.03.24-20.16.06:379][  0]LogConfig: Setting CVar [[gc.SizeOfPermanentObjectPool:0]]
[2022.03.24-20.16.06:379][  0]LogConfig: Setting CVar [[gc.FlushStreamingOnGC:0]]
[2022.03.24-20.16.06:379][  0]LogConfig: Setting CVar [[gc.NumRetriesBeforeForcingGC:10]]
[2022.03.24-20.16.06:379][  0]LogConfig: Setting CVar [[gc.AllowParallelGC:1]]
[2022.03.24-20.16.06:379][  0]LogConfig: Setting CVar [[gc.TimeBetweenPurgingPendingKillObjects:61.1]]
[2022.03.24-20.16.06:379][  0]LogConfig: Setting CVar [[gc.MaxObjectsInEditor:25165824]]
[2022.03.24-20.16.06:379][  0]LogConfig: Setting CVar [[gc.IncrementalBeginDestroyEnabled:1]]
[2022.03.24-20.16.06:380][  0]LogConfig: Setting CVar [[gc.CreateGCClusters:1]]
[2022.03.24-20.16.06:380][  0]LogConfig: Setting CVar [[gc.MinGCClusterSize:5]]
[2022.03.24-20.16.06:380][  0]LogConfig: Setting CVar [[gc.ActorClusteringEnabled:0]]
[2022.03.24-20.16.06:380][  0]LogConfig: Setting CVar [[gc.BlueprintClusteringEnabled:0]]
[2022.03.24-20.16.06:380][  0]LogConfig: Setting CVar [[gc.UseDisregardForGCOnDedicatedServers:0]]
[2022.03.24-20.16.06:380][  0]LogConfig: Setting CVar [[gc.MultithreadedDestructionEnabled:1]]
[2022.03.24-20.16.06:380][  0]LogConfig: Applying CVar settings from Section [/Script/Engine.NetworkSettings] File [D:/GithubRepo/FinalYearProject/FinalProject/Saved/Config/Windows/Engine.ini]
[2022.03.24-20.16.06:380][  0]LogConfig: Applying CVar settings from Section [/Script/UnrealEd.CookerSettings] File [D:/GithubRepo/FinalYearProject/FinalProject/Saved/Config/Windows/Engine.ini]
[2022.03.24-20.16.06:499][  0]LogConfig: Applying CVar settings from Section [ViewDistanceQuality@3] File [D:/GithubRepo/FinalYearProject/FinalProject/Saved/Config/Windows/Scalability.ini]
[2022.03.24-20.16.06:499][  0]LogConfig: Setting CVar [[r.SkeletalMeshLODBias:0]]
[2022.03.24-20.16.06:499][  0]LogConfig: Setting CVar [[r.ViewDistanceScale:1.0]]
[2022.03.24-20.16.06:500][  0]LogConfig: Applying CVar settings from Section [AntiAliasingQuality@3] File [D:/GithubRepo/FinalYearProject/FinalProject/Saved/Config/Windows/Scalability.ini]
[2022.03.24-20.16.06:500][  0]LogConfig: Setting CVar [[r.PostProcessAAQuality:4]]
[2022.03.24-20.16.06:500][  0]LogConfig: Applying CVar settings from Section [ShadowQuality@3] File [D:/GithubRepo/FinalYearProject/FinalProject/Saved/Config/Windows/Scalability.ini]
[2022.03.24-20.16.06:500][  0]LogConfig: Setting CVar [[r.LightFunctionQuality:1]]
[2022.03.24-20.16.06:500][  0]LogConfig: Setting CVar [[r.ShadowQuality:5]]
[2022.03.24-20.16.06:500][  0]LogConfig: Setting CVar [[r.Shadow.CSM.MaxCascades:10]]
[2022.03.24-20.16.06:500][  0]LogConfig: Setting CVar [[r.Shadow.MaxResolution:2048]]
[2022.03.24-20.16.06:500][  0]LogConfig: Setting CVar [[r.Shadow.MaxCSMResolution:2048]]
[2022.03.24-20.16.06:500][  0]LogConfig: Setting CVar [[r.Shadow.RadiusThreshold:0.01]]
[2022.03.24-20.16.06:500][  0]LogConfig: Setting CVar [[r.Shadow.DistanceScale:1.0]]
[2022.03.24-20.16.06:500][  0]LogConfig: Setting CVar [[r.Shadow.CSM.TransitionScale:1.0]]
[2022.03.24-20.16.06:500][  0]LogConfig: Setting CVar [[r.Shadow.PreShadowResolutionFactor:1.0]]
[2022.03.24-20.16.06:500][  0]LogConfig: Setting CVar [[r.DistanceFieldShadowing:1]]
[2022.03.24-20.16.06:500][  0]LogConfig: Setting CVar [[r.DistanceFieldAO:1]]
[2022.03.24-20.16.06:500][  0]LogConfig: Setting CVar [[r.AOQuality:2]]
[2022.03.24-20.16.06:501][  0]LogConfig: Setting CVar [[r.VolumetricFog:1]]
[2022.03.24-20.16.06:501][  0]LogConfig: Setting CVar [[r.VolumetricFog.GridPixelSize:8]]
[2022.03.24-20.16.06:501][  0]LogConfig: Setting CVar [[r.VolumetricFog.GridSizeZ:128]]
[2022.03.24-20.16.06:501][  0]LogConfig: Setting CVar [[r.VolumetricFog.HistoryMissSupersampleCount:4]]
[2022.03.24-20.16.06:501][  0]LogConfig: Setting CVar [[r.LightMaxDrawDistanceScale:1]]
[2022.03.24-20.16.06:501][  0]LogConfig: Setting CVar [[r.CapsuleShadows:1]]
[2022.03.24-20.16.06:501][  0]LogConfig: Applying CVar settings from Section [PostProcessQuality@3] File [D:/GithubRepo/FinalYearProject/FinalProject/Saved/Config/Windows/Scalability.ini]
[2022.03.24-20.16.06:501][  0]LogConfig: Setting CVar [[r.MotionBlurQuality:4]]
[2022.03.24-20.16.06:501][  0]LogConfig: Setting CVar [[r.AmbientOcclusionMipLevelFactor:0.4]]
[2022.03.24-20.16.06:501][  0]LogConfig: Setting CVar [[r.AmbientOcclusionMaxQuality:100]]
[2022.03.24-20.16.06:501][  0]LogConfig: Setting CVar [[r.AmbientOcclusionLevels:-1]]
[2022.03.24-20.16.06:501][  0]LogConfig: Setting CVar [[r.AmbientOcclusionRadiusScale:1.0]]
[2022.03.24-20.16.06:501][  0]LogConfig: Setting CVar [[r.DepthOfFieldQuality:2]]
[2022.03.24-20.16.06:501][  0]LogConfig: Setting CVar [[r.RenderTargetPoolMin:400]]
[2022.03.24-20.16.06:501][  0]LogConfig: Setting CVar [[r.LensFlareQuality:2]]
[2022.03.24-20.16.06:501][  0]LogConfig: Setting CVar [[r.SceneColorFringeQuality:1]]
[2022.03.24-20.16.06:501][  0]LogConfig: Setting CVar [[r.EyeAdaptationQuality:2]]
[2022.03.24-20.16.06:502][  0]LogConfig: Setting CVar [[r.BloomQuality:5]]
[2022.03.24-20.16.06:502][  0]LogConfig: Setting CVar [[r.FastBlurThreshold:100]]
[2022.03.24-20.16.06:502][  0]LogConfig: Setting CVar [[r.Upscale.Quality:3]]
[2022.03.24-20.16.06:502][  0]LogConfig: Setting CVar [[r.Tonemapper.GrainQuantization:1]]
[2022.03.24-20.16.06:502][  0]LogConfig: Setting CVar [[r.LightShaftQuality:1]]
[2022.03.24-20.16.06:502][  0]LogConfig: Setting CVar [[r.Filter.SizeScale:1]]
[2022.03.24-20.16.06:502][  0]LogConfig: Setting CVar [[r.Tonemapper.Quality:5]]
[2022.03.24-20.16.06:502][  0]LogConfig: Setting CVar [[r.DOF.Gather.AccumulatorQuality:1        ; higher gathering accumulator quality]]
[2022.03.24-20.16.06:502][  0]LogConfig: Setting CVar [[r.DOF.Gather.PostfilterMethod:1          ; Median3x3 postfilering method]]
[2022.03.24-20.16.06:502][  0]LogConfig: Setting CVar [[r.DOF.Gather.EnableBokehSettings:0       ; no bokeh simulation when gathering]]
[2022.03.24-20.16.06:502][  0]LogConfig: Setting CVar [[r.DOF.Gather.RingCount:4                 ; medium number of samples when gathering]]
[2022.03.24-20.16.06:502][  0]LogConfig: Setting CVar [[r.DOF.Scatter.ForegroundCompositing:1    ; additive foreground scattering]]
[2022.03.24-20.16.06:502][  0]LogConfig: Setting CVar [[r.DOF.Scatter.BackgroundCompositing:2    ; additive background scattering]]
[2022.03.24-20.16.06:502][  0]LogConfig: Setting CVar [[r.DOF.Scatter.EnableBokehSettings:1      ; bokeh simulation when scattering]]
[2022.03.24-20.16.06:502][  0]LogConfig: Setting CVar [[r.DOF.Scatter.MaxSpriteRatio:0.1         ; only a maximum of 10% of scattered bokeh]]
[2022.03.24-20.16.06:503][  0]LogConfig: Setting CVar [[r.DOF.Recombine.Quality:1                ; cheap slight out of focus]]
[2022.03.24-20.16.06:503][  0]LogConfig: Setting CVar [[r.DOF.Recombine.EnableBokehSettings:0    ; no bokeh simulation on slight out of focus]]
[2022.03.24-20.16.06:503][  0]LogConfig: Setting CVar [[r.DOF.TemporalAAQuality:1                ; more stable temporal accumulation]]
[2022.03.24-20.16.06:503][  0]LogConfig: Setting CVar [[r.DOF.Kernel.MaxForegroundRadius:0.025]]
[2022.03.24-20.16.06:503][  0]LogConfig: Setting CVar [[r.DOF.Kernel.MaxBackgroundRadius:0.025]]
[2022.03.24-20.16.06:503][  0]LogConfig: Applying CVar settings from Section [TextureQuality@3] File [D:/GithubRepo/FinalYearProject/FinalProject/Saved/Config/Windows/Scalability.ini]
[2022.03.24-20.16.06:503][  0]LogConfig: Setting CVar [[r.Streaming.MipBias:0]]
[2022.03.24-20.16.06:503][  0]LogConfig: Setting CVar [[r.Streaming.AmortizeCPUToGPUCopy:0]]
[2022.03.24-20.16.06:503][  0]LogConfig: Setting CVar [[r.Streaming.MaxNumTexturesToStreamPerFrame:0]]
[2022.03.24-20.16.06:503][  0]LogConfig: Setting CVar [[r.Streaming.Boost:1]]
[2022.03.24-20.16.06:503][  0]LogConfig: Setting CVar [[r.MaxAnisotropy:8]]
[2022.03.24-20.16.06:503][  0]LogConfig: Setting CVar [[r.VT.MaxAnisotropy:8]]
[2022.03.24-20.16.06:503][  0]LogConfig: Setting CVar [[r.Streaming.LimitPoolSizeToVRAM:0]]
[2022.03.24-20.16.06:503][  0]LogConfig: Setting CVar [[r.Streaming.PoolSize:1000]]
[2022.03.24-20.16.06:503][  0]LogConfig: Setting CVar [[r.Streaming.MaxEffectiveScreenSize:0]]
[2022.03.24-20.16.06:503][  0]LogConfig: Applying CVar settings from Section [EffectsQuality@3] File [D:/GithubRepo/FinalYearProject/FinalProject/Saved/Config/Windows/Scalability.ini]
[2022.03.24-20.16.06:504][  0]LogConfig: Setting CVar [[r.TranslucencyLightingVolumeDim:64]]
[2022.03.24-20.16.06:504][  0]LogConfig: Setting CVar [[r.RefractionQuality:2]]
[2022.03.24-20.16.06:504][  0]LogConfig: Setting CVar [[r.SSR.Quality:3]]
[2022.03.24-20.16.06:504][  0]LogConfig: Setting CVar [[r.SSR.HalfResSceneColor:0]]
[2022.03.24-20.16.06:504][  0]LogConfig: Setting CVar [[r.SceneColorFormat:4]]
[2022.03.24-20.16.06:504][  0]LogConfig: Setting CVar [[r.DetailMode:2]]
[2022.03.24-20.16.06:504][  0]LogConfig: Setting CVar [[r.TranslucencyVolumeBlur:1]]
[2022.03.24-20.16.06:504][  0]LogConfig: Setting CVar [[r.MaterialQualityLevel:1 ; High quality]]
[2022.03.24-20.16.06:504][  0]LogConfig: Setting CVar [[r.AnisotropicMaterials:1]]
[2022.03.24-20.16.06:504][  0]LogConfig: Setting CVar [[r.SSS.Scale:1]]
[2022.03.24-20.16.06:504][  0]LogConfig: Setting CVar [[r.SSS.SampleSet:2]]
[2022.03.24-20.16.06:504][  0]LogConfig: Setting CVar [[r.SSS.Quality:1]]
[2022.03.24-20.16.06:504][  0]LogConfig: Setting CVar [[r.SSS.HalfRes:0]]
[2022.03.24-20.16.06:504][  0]LogConfig: Setting CVar [[r.SSGI.Quality:3]]
[2022.03.24-20.16.06:504][  0]LogConfig: Setting CVar [[r.EmitterSpawnRateScale:1.0]]
[2022.03.24-20.16.06:504][  0]LogConfig: Setting CVar [[r.ParticleLightQuality:2]]
[2022.03.24-20.16.06:505][  0]LogConfig: Setting CVar [[r.SkyAtmosphere.AerialPerspectiveLUT.FastApplyOnOpaque:1 ; Always have FastSkyLUT 1 in this case to avoid wrong sky]]
[2022.03.24-20.16.06:505][  0]LogConfig: Setting CVar [[r.SkyAtmosphere.AerialPerspectiveLUT.SampleCountMaxPerSlice:4]]
[2022.03.24-20.16.06:505][  0]LogConfig: Setting CVar [[r.SkyAtmosphere.AerialPerspectiveLUT.DepthResolution:16.0]]
[2022.03.24-20.16.06:505][  0]LogConfig: Setting CVar [[r.SkyAtmosphere.FastSkyLUT:1]]
[2022.03.24-20.16.06:505][  0]LogConfig: Setting CVar [[r.SkyAtmosphere.FastSkyLUT.SampleCountMin:4.0]]
[2022.03.24-20.16.06:505][  0]LogConfig: Setting CVar [[r.SkyAtmosphere.FastSkyLUT.SampleCountMax:128.0]]
[2022.03.24-20.16.06:505][  0]LogConfig: Setting CVar [[r.SkyAtmosphere.SampleCountMin:4.0]]
[2022.03.24-20.16.06:505][  0]LogConfig: Setting CVar [[r.SkyAtmosphere.SampleCountMax:128.0]]
[2022.03.24-20.16.06:505][  0]LogConfig: Setting CVar [[r.SkyAtmosphere.TransmittanceLUT.UseSmallFormat:0]]
[2022.03.24-20.16.06:505][  0]LogConfig: Setting CVar [[r.SkyAtmosphere.TransmittanceLUT.SampleCount:10.0]]
[2022.03.24-20.16.06:505][  0]LogConfig: Setting CVar [[r.SkyAtmosphere.MultiScatteringLUT.SampleCount:15.0]]
[2022.03.24-20.16.06:505][  0]LogConfig: Setting CVar [[r.SkyLight.RealTimeReflectionCapture:1]]
[2022.03.24-20.16.06:505][  0]LogConfig: Applying CVar settings from Section [FoliageQuality@3] File [D:/GithubRepo/FinalYearProject/FinalProject/Saved/Config/Windows/Scalability.ini]
[2022.03.24-20.16.06:505][  0]LogConfig: Setting CVar [[foliage.DensityScale:1.0]]
[2022.03.24-20.16.06:505][  0]LogConfig: Setting CVar [[grass.DensityScale:1.0]]
[2022.03.24-20.16.06:505][  0]LogConfig: Applying CVar settings from Section [ShadingQuality@3] File [D:/GithubRepo/FinalYearProject/FinalProject/Saved/Config/Windows/Scalability.ini]
[2022.03.24-20.16.06:506][  0]LogConfig: Setting CVar [[r.HairStrands.SkyLighting.IntegrationType:2]]
[2022.03.24-20.16.06:506][  0]LogConfig: Setting CVar [[r.HairStrands.SkyAO.SampleCount:4]]
[2022.03.24-20.16.06:506][  0]LogConfig: Setting CVar [[r.HairStrands.Visibility.MSAA.SamplePerPixel:4]]
[2022.03.24-20.16.06:506][  0]LogInit: Selected Device Profile: [Windows]
[2022.03.24-20.16.06:572][  0]LogInit: Applying CVar settings loaded from the selected device profile: [Windows]
[2022.03.24-20.16.06:577][  0]LogHAL: Display: Platform has ~ 16 GB [17032437760 / 17179869184 / 16], which maps to Larger [LargestMinGB=32, LargerMinGB=12, DefaultMinGB=8, SmallerMinGB=6, SmallestMinGB=0)
[2022.03.24-20.16.06:577][  0]LogInit: Going up to parent DeviceProfile []
[2022.03.24-20.16.06:577][  0]LogConfig: Applying CVar settings from Section [ViewDistanceQuality@3] File [D:/GithubRepo/FinalYearProject/FinalProject/Saved/Config/Windows/Scalability.ini]
[2022.03.24-20.16.06:577][  0]LogConfig: Setting CVar [[r.SkeletalMeshLODBias:0]]
[2022.03.24-20.16.06:577][  0]LogConfig: Setting CVar [[r.ViewDistanceScale:1.0]]
[2022.03.24-20.16.06:577][  0]LogConfig: Applying CVar settings from Section [AntiAliasingQuality@3] File [D:/GithubRepo/FinalYearProject/FinalProject/Saved/Config/Windows/Scalability.ini]
[2022.03.24-20.16.06:577][  0]LogConfig: Setting CVar [[r.PostProcessAAQuality:4]]
[2022.03.24-20.16.06:578][  0]LogConfig: Applying CVar settings from Section [ShadowQuality@3] File [D:/GithubRepo/FinalYearProject/FinalProject/Saved/Config/Windows/Scalability.ini]
[2022.03.24-20.16.06:578][  0]LogConfig: Setting CVar [[r.LightFunctionQuality:1]]
[2022.03.24-20.16.06:578][  0]LogConfig: Setting CVar [[r.ShadowQuality:5]]
[2022.03.24-20.16.06:578][  0]LogConfig: Setting CVar [[r.Shadow.CSM.MaxCascades:10]]
[2022.03.24-20.16.06:578][  0]LogConfig: Setting CVar [[r.Shadow.MaxResolution:2048]]
[2022.03.24-20.16.06:578][  0]LogConfig: Setting CVar [[r.Shadow.MaxCSMResolution:2048]]
[2022.03.24-20.16.06:578][  0]LogConfig: Setting CVar [[r.Shadow.RadiusThreshold:0.01]]
[2022.03.24-20.16.06:578][  0]LogConfig: Setting CVar [[r.Shadow.DistanceScale:1.0]]
[2022.03.24-20.16.06:578][  0]LogConfig: Setting CVar [[r.Shadow.CSM.TransitionScale:1.0]]
[2022.03.24-20.16.06:578][  0]LogConfig: Setting CVar [[r.Shadow.PreShadowResolutionFactor:1.0]]
[2022.03.24-20.16.06:578][  0]LogConfig: Setting CVar [[r.DistanceFieldShadowing:1]]
[2022.03.24-20.16.06:579][  0]LogConfig: Setting CVar [[r.DistanceFieldAO:1]]
[2022.03.24-20.16.06:579][  0]LogConfig: Setting CVar [[r.AOQuality:2]]
[2022.03.24-20.16.06:579][  0]LogConfig: Setting CVar [[r.VolumetricFog:1]]
[2022.03.24-20.16.06:579][  0]LogConfig: Setting CVar [[r.VolumetricFog.GridPixelSize:8]]
[2022.03.24-20.16.06:579][  0]LogConfig: Setting CVar [[r.VolumetricFog.GridSizeZ:128]]
[2022.03.24-20.16.06:579][  0]LogConfig: Setting CVar [[r.VolumetricFog.HistoryMissSupersampleCount:4]]
[2022.03.24-20.16.06:579][  0]LogConfig: Setting CVar [[r.LightMaxDrawDistanceScale:1]]
[2022.03.24-20.16.06:579][  0]LogConfig: Setting CVar [[r.CapsuleShadows:1]]
[2022.03.24-20.16.06:579][  0]LogConfig: Applying CVar settings from Section [PostProcessQuality@3] File [D:/GithubRepo/FinalYearProject/FinalProject/Saved/Config/Windows/Scalability.ini]
[2022.03.24-20.16.06:579][  0]LogConfig: Setting CVar [[r.MotionBlurQuality:4]]
[2022.03.24-20.16.06:579][  0]LogConfig: Setting CVar [[r.AmbientOcclusionMipLevelFactor:0.4]]
[2022.03.24-20.16.06:579][  0]LogConfig: Setting CVar [[r.AmbientOcclusionMaxQuality:100]]
[2022.03.24-20.16.06:580][  0]LogConfig: Setting CVar [[r.AmbientOcclusionLevels:-1]]
[2022.03.24-20.16.06:580][  0]LogConfig: Setting CVar [[r.AmbientOcclusionRadiusScale:1.0]]
[2022.03.24-20.16.06:580][  0]LogConfig: Setting CVar [[r.DepthOfFieldQuality:2]]
[2022.03.24-20.16.06:580][  0]LogConfig: Setting CVar [[r.RenderTargetPoolMin:400]]
[2022.03.24-20.16.06:580][  0]LogConfig: Setting CVar [[r.LensFlareQuality:2]]
[2022.03.24-20.16.06:580][  0]LogConfig: Setting CVar [[r.SceneColorFringeQuality:1]]
[2022.03.24-20.16.06:580][  0]LogConfig: Setting CVar [[r.EyeAdaptationQuality:2]]
[2022.03.24-20.16.06:580][  0]LogConfig: Setting CVar [[r.BloomQuality:5]]
[2022.03.24-20.16.06:580][  0]LogConfig: Setting CVar [[r.FastBlurThreshold:100]]
[2022.03.24-20.16.06:580][  0]LogConfig: Setting CVar [[r.Upscale.Quality:3]]
[2022.03.24-20.16.06:580][  0]LogConfig: Setting CVar [[r.Tonemapper.GrainQuantization:1]]
[2022.03.24-20.16.06:580][  0]LogConfig: Setting CVar [[r.LightShaftQuality:1]]
[2022.03.24-20.16.06:581][  0]LogConfig: Setting CVar [[r.Filter.SizeScale:1]]
[2022.03.24-20.16.06:581][  0]LogConfig: Setting CVar [[r.Tonemapper.Quality:5]]
[2022.03.24-20.16.06:581][  0]LogConfig: Setting CVar [[r.DOF.Gather.AccumulatorQuality:1        ; higher gathering accumulator quality]]
[2022.03.24-20.16.06:581][  0]LogConfig: Setting CVar [[r.DOF.Gather.PostfilterMethod:1          ; Median3x3 postfilering method]]
[2022.03.24-20.16.06:581][  0]LogConfig: Setting CVar [[r.DOF.Gather.EnableBokehSettings:0       ; no bokeh simulation when gathering]]
[2022.03.24-20.16.06:581][  0]LogConfig: Setting CVar [[r.DOF.Gather.RingCount:4                 ; medium number of samples when gathering]]
[2022.03.24-20.16.06:581][  0]LogConfig: Setting CVar [[r.DOF.Scatter.ForegroundCompositing:1    ; additive foreground scattering]]
[2022.03.24-20.16.06:581][  0]LogConfig: Setting CVar [[r.DOF.Scatter.BackgroundCompositing:2    ; additive background scattering]]
[2022.03.24-20.16.06:581][  0]LogConfig: Setting CVar [[r.DOF.Scatter.EnableBokehSettings:1      ; bokeh simulation when scattering]]
[2022.03.24-20.16.06:581][  0]LogConfig: Setting CVar [[r.DOF.Scatter.MaxSpriteRatio:0.1         ; only a maximum of 10% of scattered bokeh]]
[2022.03.24-20.16.06:581][  0]LogConfig: Setting CVar [[r.DOF.Recombine.Quality:1                ; cheap slight out of focus]]
[2022.03.24-20.16.06:581][  0]LogConfig: Setting CVar [[r.DOF.Recombine.EnableBokehSettings:0    ; no bokeh simulation on slight out of focus]]
[2022.03.24-20.16.06:581][  0]LogConfig: Setting CVar [[r.DOF.TemporalAAQuality:1                ; more stable temporal accumulation]]
[2022.03.24-20.16.06:581][  0]LogConfig: Setting CVar [[r.DOF.Kernel.MaxForegroundRadius:0.025]]
[2022.03.24-20.16.06:581][  0]LogConfig: Setting CVar [[r.DOF.Kernel.MaxBackgroundRadius:0.025]]
[2022.03.24-20.16.06:582][  0]LogConfig: Applying CVar settings from Section [TextureQuality@3] File [D:/GithubRepo/FinalYearProject/FinalProject/Saved/Config/Windows/Scalability.ini]
[2022.03.24-20.16.06:582][  0]LogConfig: Setting CVar [[r.Streaming.MipBias:0]]
[2022.03.24-20.16.06:582][  0]LogConfig: Setting CVar [[r.Streaming.AmortizeCPUToGPUCopy:0]]
[2022.03.24-20.16.06:582][  0]LogConfig: Setting CVar [[r.Streaming.MaxNumTexturesToStreamPerFrame:0]]
[2022.03.24-20.16.06:582][  0]LogConfig: Setting CVar [[r.Streaming.Boost:1]]
[2022.03.24-20.16.06:582][  0]LogConfig: Setting CVar [[r.MaxAnisotropy:8]]
[2022.03.24-20.16.06:582][  0]LogConfig: Setting CVar [[r.VT.MaxAnisotropy:8]]
[2022.03.24-20.16.06:582][  0]LogConfig: Setting CVar [[r.Streaming.LimitPoolSizeToVRAM:0]]
[2022.03.24-20.16.06:582][  0]LogConfig: Setting CVar [[r.Streaming.PoolSize:1000]]
[2022.03.24-20.16.06:582][  0]LogConfig: Setting CVar [[r.Streaming.MaxEffectiveScreenSize:0]]
[2022.03.24-20.16.06:582][  0]LogConfig: Applying CVar settings from Section [EffectsQuality@3] File [D:/GithubRepo/FinalYearProject/FinalProject/Saved/Config/Windows/Scalability.ini]
[2022.03.24-20.16.06:582][  0]LogConfig: Setting CVar [[r.TranslucencyLightingVolumeDim:64]]
[2022.03.24-20.16.06:582][  0]LogConfig: Setting CVar [[r.RefractionQuality:2]]
[2022.03.24-20.16.06:582][  0]LogConfig: Setting CVar [[r.SSR.Quality:3]]
[2022.03.24-20.16.06:583][  0]LogConfig: Setting CVar [[r.SSR.HalfResSceneColor:0]]
[2022.03.24-20.16.06:583][  0]LogConfig: Setting CVar [[r.SceneColorFormat:4]]
[2022.03.24-20.16.06:583][  0]LogConfig: Setting CVar [[r.DetailMode:2]]
[2022.03.24-20.16.06:583][  0]LogConfig: Setting CVar [[r.TranslucencyVolumeBlur:1]]
[2022.03.24-20.16.06:583][  0]LogConfig: Setting CVar [[r.MaterialQualityLevel:1 ; High quality]]
[2022.03.24-20.16.06:583][  0]LogConfig: Setting CVar [[r.AnisotropicMaterials:1]]
[2022.03.24-20.16.06:583][  0]LogConfig: Setting CVar [[r.SSS.Scale:1]]
[2022.03.24-20.16.06:583][  0]LogConfig: Setting CVar [[r.SSS.SampleSet:2]]
[2022.03.24-20.16.06:583][  0]LogConfig: Setting CVar [[r.SSS.Quality:1]]
[2022.03.24-20.16.06:583][  0]LogConfig: Setting CVar [[r.SSS.HalfRes:0]]
[2022.03.24-20.16.06:583][  0]LogConfig: Setting CVar [[r.SSGI.Quality:3]]
[2022.03.24-20.16.06:583][  0]LogConfig: Setting CVar [[r.EmitterSpawnRateScale:1.0]]
[2022.03.24-20.16.06:583][  0]LogConfig: Setting CVar [[r.ParticleLightQuality:2]]
[2022.03.24-20.16.06:583][  0]LogConfig: Setting CVar [[r.SkyAtmosphere.AerialPerspectiveLUT.FastApplyOnOpaque:1 ; Always have FastSkyLUT 1 in this case to avoid wrong sky]]
[2022.03.24-20.16.06:583][  0]LogConfig: Setting CVar [[r.SkyAtmosphere.AerialPerspectiveLUT.SampleCountMaxPerSlice:4]]
[2022.03.24-20.16.06:583][  0]LogConfig: Setting CVar [[r.SkyAtmosphere.AerialPerspectiveLUT.DepthResolution:16.0]]
[2022.03.24-20.16.06:584][  0]LogConfig: Setting CVar [[r.SkyAtmosphere.FastSkyLUT:1]]
[2022.03.24-20.16.06:584][  0]LogConfig: Setting CVar [[r.SkyAtmosphere.FastSkyLUT.SampleCountMin:4.0]]
[2022.03.24-20.16.06:584][  0]LogConfig: Setting CVar [[r.SkyAtmosphere.FastSkyLUT.SampleCountMax:128.0]]
[2022.03.24-20.16.06:584][  0]LogConfig: Setting CVar [[r.SkyAtmosphere.SampleCountMin:4.0]]
[2022.03.24-20.16.06:584][  0]LogConfig: Setting CVar [[r.SkyAtmosphere.SampleCountMax:128.0]]
[2022.03.24-20.16.06:584][  0]LogConfig: Setting CVar [[r.SkyAtmosphere.TransmittanceLUT.UseSmallFormat:0]]
[2022.03.24-20.16.06:584][  0]LogConfig: Setting CVar [[r.SkyAtmosphere.TransmittanceLUT.SampleCount:10.0]]
[2022.03.24-20.16.06:584][  0]LogConfig: Setting CVar [[r.SkyAtmosphere.MultiScatteringLUT.SampleCount:15.0]]
[2022.03.24-20.16.06:584][  0]LogConfig: Setting CVar [[r.SkyLight.RealTimeReflectionCapture:1]]
[2022.03.24-20.16.06:584][  0]LogConfig: Applying CVar settings from Section [FoliageQuality@3] File [D:/GithubRepo/FinalYearProject/FinalProject/Saved/Config/Windows/Scalability.ini]
[2022.03.24-20.16.06:584][  0]LogConfig: Setting CVar [[foliage.DensityScale:1.0]]
[2022.03.24-20.16.06:584][  0]LogConfig: Setting CVar [[grass.DensityScale:1.0]]
[2022.03.24-20.16.06:584][  0]LogConfig: Applying CVar settings from Section [ShadingQuality@3] File [D:/GithubRepo/FinalYearProject/FinalProject/Saved/Config/Windows/Scalability.ini]
[2022.03.24-20.16.06:584][  0]LogConfig: Setting CVar [[r.HairStrands.SkyLighting.IntegrationType:2]]
[2022.03.24-20.16.06:584][  0]LogConfig: Setting CVar [[r.HairStrands.SkyAO.SampleCount:4]]
[2022.03.24-20.16.06:584][  0]LogConfig: Setting CVar [[r.HairStrands.Visibility.MSAA.SamplePerPixel:4]]
[2022.03.24-20.16.06:585][  0]LogConfig: Applying CVar settings from Section [Startup] File [../../../Engine/Config/ConsoleVariables.ini]
[2022.03.24-20.16.06:591][  0]LogConfig: Setting CVar [[net.UseAdaptiveNetUpdateFrequency:0]]
[2022.03.24-20.16.06:592][  0]LogConfig: Setting CVar [[p.chaos.AllowCreatePhysxBodies:1]]
[2022.03.24-20.16.06:592][  0]LogConfig: Setting CVar [[fx.SkipVectorVMBackendOptimizations:1]]
[2022.03.24-20.16.06:592][  0]LogConfig: Applying CVar settings from Section [ConsoleVariables] File [D:/GithubRepo/FinalYearProject/FinalProject/Saved/Config/Windows/Engine.ini]
[2022.03.24-20.16.06:592][  0]LogConfig: Applying CVar settings from Section [ConsoleVariables] File [D:/GithubRepo/FinalYearProject/FinalProject/Saved/Config/Windows/Editor.ini]
[2022.03.24-20.16.06:600][  0]LogInit: Computer: DESKTOP-U866DT3
[2022.03.24-20.16.06:600][  0]LogInit: User: james
[2022.03.24-20.16.06:600][  0]LogInit: CPU Page size=4096, Cores=6
[2022.03.24-20.16.06:600][  0]LogInit: High frequency timer resolution =10.000000 MHz
[2022.03.24-20.16.06:600][  0]LogMemory: Memory total: Physical=15.9GB (16GB approx)
[2022.03.24-20.16.06:600][  0]LogMemory: Platform Memory Stats for Windows
[2022.03.24-20.16.06:600][  0]LogMemory: Process Physical Memory: 144.12 MB used, 144.12 MB peak
[2022.03.24-20.16.06:601][  0]LogMemory: Process Virtual Memory: 115.69 MB used, 115.69 MB peak
[2022.03.24-20.16.06:601][  0]LogMemory: Physical Memory: 12987.93 MB used,  3255.46 MB free, 16243.40 MB total
[2022.03.24-20.16.06:601][  0]LogMemory: Virtual Memory: 134211112.00 MB used,  6619.54 MB free, 134217728.00 MB total
[2022.03.24-20.16.06:623][  0]LogWindows: WindowsPlatformFeatures enabled
[2022.03.24-20.16.08:919][  0]LogInit: Physics initialised using underlying interface: PhysX
[2022.03.24-20.16.08:920][  0]LogInit: Using OS detected language (en-GB).
[2022.03.24-20.16.08:920][  0]LogInit: Using OS detected locale (en-GB).
[2022.03.24-20.16.09:807][  0]LogTextLocalizationManager: No specific localization for 'en-GB' exists, so the 'en' localization will be used.
[2022.03.24-20.16.14:762][  0]LogInit: Setting process to per monitor DPI aware
[2022.03.24-20.16.15:059][  0]LogWindowsTextInputMethodSystem: Display: IME system deactivated.
[2022.03.24-20.16.15:435][  0]LogSlate: New Slate User Created.  User Index 0, Is Virtual User: 0
[2022.03.24-20.16.15:435][  0]LogSlate: Slate User Registered.  User Index 0, Is Virtual User: 0
[2022.03.24-20.16.17:392][  0]LogD3D11RHI: Loaded GFSDK_Aftermath_Lib.x64.dll
[2022.03.24-20.16.17:449][  0]LogHMD: Failed to initialize OpenVR with code 110
[2022.03.24-20.16.17:449][  0]LogD3D11RHI: D3D11 min allowed feature level: 11_0
[2022.03.24-20.16.17:449][  0]LogD3D11RHI: D3D11 max allowed feature level: 11_0
[2022.03.24-20.16.17:449][  0]LogD3D11RHI: D3D11 adapters:
[2022.03.24-20.16.17:662][  0]LogD3D11RHI:    0. 'NVIDIA GeForce GTX 1060 with Max-Q Design' (Feature Level 11_0)
[2022.03.24-20.16.17:662][  0]LogD3D11RHI:       6052/0/8121 MB DedicatedVideo/DedicatedSystem/SharedSystem, Outputs:1, VendorId:0x10de
[2022.03.24-20.16.17:905][  0]LogD3D11RHI:    1. 'Intel(R) UHD Graphics 630' (Feature Level 11_0)
[2022.03.24-20.16.17:905][  0]LogD3D11RHI:       128/0/8121 MB DedicatedVideo/DedicatedSystem/SharedSystem, Outputs:0, VendorId:0x8086
[2022.03.24-20.16.17:922][  0]LogD3D11RHI:    2. 'Microsoft Basic Render Driver' (Feature Level 11_0)
[2022.03.24-20.16.17:922][  0]LogD3D11RHI:       0/0/8121 MB DedicatedVideo/DedicatedSystem/SharedSystem, Outputs:0, VendorId:0x1414
[2022.03.24-20.16.17:922][  0]LogD3D11RHI: Chosen D3D11 Adapter:
[2022.03.24-20.16.17:922][  0]LogD3D11RHI:     Description : NVIDIA GeForce GTX 1060 with Max-Q Design
[2022.03.24-20.16.17:922][  0]LogD3D11RHI:     VendorId    : 10de
[2022.03.24-20.16.17:923][  0]LogD3D11RHI:     DeviceId    : 1c20
[2022.03.24-20.16.17:923][  0]LogD3D11RHI:     SubSysId    : 8861028
[2022.03.24-20.16.17:923][  0]LogD3D11RHI:     Revision    : 00a1
[2022.03.24-20.16.17:923][  0]LogD3D11RHI:     DedicatedVideoMemory : 6345981952 bytes
[2022.03.24-20.16.17:923][  0]LogD3D11RHI:     DedicatedSystemMemory : 0 bytes
[2022.03.24-20.16.17:923][  0]LogD3D11RHI:     SharedSystemMemory : 8516218880 bytes
[2022.03.24-20.16.17:923][  0]LogD3D11RHI:     AdapterLuid : 0 80179
[2022.03.24-20.16.17:934][  0]LogD3D11RHI: Creating new Direct3DDevice
[2022.03.24-20.16.17:935][  0]LogD3D11RHI:     GPU DeviceId: 0x1c20 (for the marketing name, search the web for "GPU Device Id")
[2022.03.24-20.16.17:935][  0]LogWindows: EnumDisplayDevices:
[2022.03.24-20.16.17:935][  0]LogWindows:    0. 'Intel(R) UHD Graphics 630' (P:1 D:1)
[2022.03.24-20.16.17:936][  0]LogWindows:    1. 'Intel(R) UHD Graphics 630' (P:0 D:0)
[2022.03.24-20.16.17:937][  0]LogWindows:    2. 'Intel(R) UHD Graphics 630' (P:0 D:0)
[2022.03.24-20.16.17:938][  0]LogWindows:    3. 'NVIDIA GeForce GTX 1060 with Max-Q Design' (P:0 D:0)
[2022.03.24-20.16.17:939][  0]LogWindows: DebugString: PrimaryIsNotTheChoosenAdapter PrimaryIsNotTheChoosenAdapter PrimaryIsNotTheChoosenAdapter 
[2022.03.24-20.16.17:939][  0]LogD3D11RHI:     Adapter Name: NVIDIA GeForce GTX 1060 with Max-Q Design
[2022.03.24-20.16.17:939][  0]LogD3D11RHI:   Driver Version: 511.79 (internal:30.0.15.1179, unified:511.79)
[2022.03.24-20.16.17:939][  0]LogD3D11RHI:      Driver Date: 2-10-2022
[2022.03.24-20.16.17:940][  0]LogRHI: Texture pool is 4236 MB (70% of 6052 MB)
[2022.03.24-20.16.17:940][  0]LogD3D11RHI: Creating D3DDevice using adapter:
[2022.03.24-20.16.17:940][  0]LogD3D11RHI:     Description : NVIDIA GeForce GTX 1060 with Max-Q Design
[2022.03.24-20.16.17:940][  0]LogD3D11RHI:     VendorId    : 10de
[2022.03.24-20.16.17:940][  0]LogD3D11RHI:     DeviceId    : 1c20
[2022.03.24-20.16.17:940][  0]LogD3D11RHI:     SubSysId    : 8861028
[2022.03.24-20.16.17:940][  0]LogD3D11RHI:     Revision    : 00a1
[2022.03.24-20.16.17:940][  0]LogD3D11RHI:     DedicatedVideoMemory : 6345981952 bytes
[2022.03.24-20.16.17:940][  0]LogD3D11RHI:     DedicatedSystemMemory : 0 bytes
[2022.03.24-20.16.17:940][  0]LogD3D11RHI:     SharedSystemMemory : 8516218880 bytes
[2022.03.24-20.16.17:940][  0]LogD3D11RHI:     AdapterLuid : 0 80179
[2022.03.24-20.16.18:033][  0]LogD3D11RHI: RHI has support for 64 bit atomics
[2022.03.24-20.16.18:033][  0]LogD3D11RHI: Async texture creation enabled
[2022.03.24-20.16.18:033][  0]LogD3D11RHI: Array index from any shader is supported
[2022.03.24-20.16.18:444][  0]LogD3D11RHI: GPU Timing Frequency: 1000.000000 (Debug: 2 1)
[2022.03.24-20.16.18:927][  0]LogRHI: GeForceNow SDK initialized: 1
[2022.03.24-20.16.19:922][  0]LogTargetPlatformManager: Display: Loaded TargetPlatform 'AllDesktop'
[2022.03.24-20.16.20:016][  0]LogTargetPlatformManager: Display: Loaded TargetPlatform 'Android'
[2022.03.24-20.16.20:016][  0]LogTargetPlatformManager: Display: Loaded TargetPlatform 'Android_ASTC'
[2022.03.24-20.16.20:016][  0]LogTargetPlatformManager: Display: Loaded TargetPlatform 'Android_DXT'
[2022.03.24-20.16.20:016][  0]LogTargetPlatformManager: Display: Loaded TargetPlatform 'Android_ETC2'
[2022.03.24-20.16.20:017][  0]LogTargetPlatformManager: Display: Loaded TargetPlatform 'AndroidClient'
[2022.03.24-20.16.20:017][  0]LogTargetPlatformManager: Display: Loaded TargetPlatform 'Android_ASTCClient'
[2022.03.24-20.16.20:017][  0]LogTargetPlatformManager: Display: Loaded TargetPlatform 'Android_DXTClient'
[2022.03.24-20.16.20:017][  0]LogTargetPlatformManager: Display: Loaded TargetPlatform 'Android_ETC2Client'
[2022.03.24-20.16.20:017][  0]LogTargetPlatformManager: Display: Loaded TargetPlatform 'Android_Multi'
[2022.03.24-20.16.20:017][  0]LogTargetPlatformManager: Display: Loaded TargetPlatform 'Android_MultiClient'
[2022.03.24-20.16.20:260][  0]LogTargetPlatformManager: Display: Loaded TargetPlatform 'IOSClient'
[2022.03.24-20.16.20:260][  0]LogTargetPlatformManager: Display: Loaded TargetPlatform 'IOS'
[2022.03.24-20.16.20:421][  0]LogTargetPlatformManager: Display: Loaded TargetPlatform 'Linux'
[2022.03.24-20.16.20:609][  0]LogTargetPlatformManager: Display: Loaded TargetPlatform 'LinuxNoEditor'
[2022.03.24-20.16.20:639][  0]LogTargetPlatformManager: Display: Loaded TargetPlatform 'LinuxClient'
[2022.03.24-20.16.20:705][  0]LogTargetPlatformManager: Display: Loaded TargetPlatform 'LinuxServer'
[2022.03.24-20.16.20:746][  0]LogTargetPlatformManager: Display: Loaded TargetPlatform 'LinuxAArch64NoEditor'
[2022.03.24-20.16.20:776][  0]LogTargetPlatformManager: Display: Loaded TargetPlatform 'LinuxAArch64Client'
[2022.03.24-20.16.20:816][  0]LogTargetPlatformManager: Display: Loaded TargetPlatform 'LinuxAArch64Server'
[2022.03.24-20.16.20:949][  0]LogTargetPlatformManager: Display: Loaded TargetPlatform 'Lumin'
[2022.03.24-20.16.20:950][  0]LogTargetPlatformManager: Display: Loaded TargetPlatform 'LuminClient'
[2022.03.24-20.16.21:026][  0]LogTargetPlatformManager: Display: Loaded TargetPlatform 'MacNoEditor'
[2022.03.24-20.16.21:187][  0]LogTargetPlatformManager: Display: Loaded TargetPlatform 'Mac'
[2022.03.24-20.16.21:282][  0]LogTargetPlatformManager: Display: Loaded TargetPlatform 'MacClient'
[2022.03.24-20.16.21:344][  0]LogTargetPlatformManager: Display: Loaded TargetPlatform 'MacServer'
[2022.03.24-20.16.21:414][  0]LogTargetPlatformManager: Display: Loaded TargetPlatform 'TVOSClient'
[2022.03.24-20.16.21:414][  0]LogTargetPlatformManager: Display: Loaded TargetPlatform 'TVOS'
[2022.03.24-20.16.21:562][  0]LogTargetPlatformManager: Display: Loaded TargetPlatform 'WindowsNoEditor'
[2022.03.24-20.16.21:632][  0]LogTargetPlatformManager: Display: Loaded TargetPlatform 'Windows'
[2022.03.24-20.16.21:676][  0]LogTargetPlatformManager: Display: Loaded TargetPlatform 'WindowsClient'
[2022.03.24-20.16.21:787][  0]LogTargetPlatformManager: Display: Loaded TargetPlatform 'WindowsServer'
[2022.03.24-20.16.21:787][  0]LogTargetPlatformManager: Display: Building Assets For Windows
[2022.03.24-20.16.22:821][  0]LogAudioDebug: Display: Lib vorbis DLL was dynamically loaded.
[2022.03.24-20.16.23:779][  0]LogTextureFormatOodle: Display: Oodle Texture 2.9.0 init RDO Off
[2022.03.24-20.16.25:531][  0]LogRendererCore: Ray tracing is disabled. Reason: r.RayTracing=0.
[2022.03.24-20.16.25:687][  0]LogShaderCompilers: Guid format shader working directory is -9 characters bigger than the processId version (../../../../../GithubRepo/FinalYearProject/FinalProject/Intermediate/Shaders/WorkingDirectory/8352/).
[2022.03.24-20.16.25:688][  0]LogShaderCompilers: Cleaned the shader compiler working directory 'C:/Users/james/AppData/Local/Temp/UnrealShaderWorkingDir/E062EB974940A659210AAF86CC623C2D/'.
[2022.03.24-20.16.25:689][  0]LogXGEController: Cannot use XGE Controller as Incredibuild is not installed on this machine.
[2022.03.24-20.16.25:689][  0]LogShaderCompilers: Cannot use XGE Shader Compiler as Incredibuild is not installed on this machine.
[2022.03.24-20.16.25:689][  0]LogShaderCompilers: Display: Using Local Shader Compiler.
[2022.03.24-20.16.29:542][  0]LogDerivedDataCache: Display: Max Cache Size: 512 MB
[2022.03.24-20.16.29:645][  0]LogDerivedDataCache: Loaded boot cache 0.10s 99MB C:/Users/james/AppData/Local/UnrealEngine/4.27/DerivedDataCache/Boot.ddc.
[2022.03.24-20.16.29:645][  0]LogDerivedDataCache: Display: Loaded Boot cache: C:/Users/james/AppData/Local/UnrealEngine/4.27/DerivedDataCache/Boot.ddc
[2022.03.24-20.16.29:645][  0]LogDerivedDataCache: FDerivedDataBackendGraph:  Pak pak cache file ../../../../../GithubRepo/FinalYearProject/FinalProject/DerivedDataCache/DDC.ddp not found, will not use a pak cache.
[2022.03.24-20.16.29:646][  0]LogDerivedDataCache: Unable to find inner node Pak for hierarchical cache Hierarchy.
[2022.03.24-20.16.29:646][  0]LogDerivedDataCache: FDerivedDataBackendGraph:  CompressedPak pak cache file ../../../../../GithubRepo/FinalYearProject/FinalProject/DerivedDataCache/Compressed.ddp not found, will not use a pak cache.
[2022.03.24-20.16.29:646][  0]LogDerivedDataCache: Unable to find inner node CompressedPak for hierarchical cache Hierarchy.
[2022.03.24-20.16.29:771][  0]LogDerivedDataCache: Display: Pak cache opened for reading ../../../Engine/DerivedDataCache/Compressed.ddp.
[2022.03.24-20.16.29:771][  0]LogDerivedDataCache: FDerivedDataBackendGraph:  EnterprisePak pak cache file ../../../Enterprise/DerivedDataCache/Compressed.ddp not found, will not use a pak cache.
[2022.03.24-20.16.29:772][  0]LogDerivedDataCache: Unable to find inner node EnterprisePak for hierarchical cache Hierarchy.
[2022.03.24-20.16.29:789][  0]LogDerivedDataCache: Speed tests for C:/Users/james/AppData/Local/UnrealEngine/Common/DerivedDataCache took 0.02 seconds
[2022.03.24-20.16.29:789][  0]LogDerivedDataCache: Display: Performance to C:/Users/james/AppData/Local/UnrealEngine/Common/DerivedDataCache: Latency=0.52ms. RandomReadSpeed=198.41MBs, RandomWriteSpeed=154.23MBs. Assigned SpeedClass 'Local'
[2022.03.24-20.16.29:791][  0]LogDerivedDataCache: Using Local data cache path C:/Users/james/AppData/Local/UnrealEngine/Common/DerivedDataCache: Writable
[2022.03.24-20.16.29:792][  0]LogDerivedDataCache: Shared data cache path not found in *engine.ini, will not use an Shared cache.
[2022.03.24-20.16.29:792][  0]LogDerivedDataCache: Unable to find inner node Shared for hierarchical cache Hierarchy.
[2022.03.24-20.16.29:974][  0]LogSlate: Using FreeType 2.10.0
[2022.03.24-20.16.30:175][  0]LogSlate: SlateFontServices - WITH_FREETYPE: 1, WITH_HARFBUZZ: 1
[2022.03.24-20.16.31:404][  0]LogAssetRegistry: FAssetRegistry took 0.0057 seconds to start up
[2022.03.24-20.16.32:898][  0]LogInit: Selected Device Profile: [Windows]
[2022.03.24-20.16.32:898][  0]LogInit: Active device profile: [0000023B15626E00][0000023B13FDAA80 49] Windows
[2022.03.24-20.16.32:898][  0]LogInit: Profiles: [0000023B15626E00][0000023B13FDAA80 49] Windows, [0000023B155DD400][0000023B0B776C00 49] WindowsNoEditor, [0000023B15627600][0000023B0B77AD80 49] WindowsServer, [0000023B155DCB00][0000023B0B77EF00 49] WindowsClient, [0000023B15624B00][0000023B0B783080 49] IOS, [0000023B155DF900][0000023B0B787200 49] iPadAir, [0000023B15627D00][0000023B0B78B380 49] iPadAir2, [0000023B15586800][0000023B0B793640 49] IPadPro, [0000023B15586900][0000023B0B78F680 49] iPadAir3, [0000023B15624300][0000023B0B797800 49] iPadAir4, [0000023B15587600][0000023B0B79B980 49] iPadMini2, [0000023B15624100][0000023B0B79FB00 49] iPadMini3, [0000023B15584B00][0000023B0B7A2100 49] iPadMini4, [0000023B15625800][0000023B0B7A6280 49] iPadMini5, [0000023B155DA100][0000023B0B7AE540 49] iPhone6, [0000023B155DA200][0000023B0B7AA580 49] iPodTouch6, [0000023B15586500][0000023B13FD6800 49] iPhone7, [0000023B15584D00][0000023B0B7B2840 49] iPodTouch7, [0000023B155DAE00][0000023B0B7B6980 49] iPhone5S, [0000023B15584800][0000023B0B7BAAC0 49] iPhone6Plus, [0000023B155D8B00][0000023B1614EC40 49] iPhone6S, [0000023B15587100][0000023B16152DC0 49] iPhone6SPlus, [0000023B155D8F00][0000023B16156F40 49] iPhone7Plus, [0000023B15586700][0000023B1615B0C0 49] iPhoneSE, [0000023B155DB800][0000023B1615F240 49] iPhone8, [0000023B15587200][0000023B161633C0 49] iPhone8Plus, [0000023B155D8400][0000023B16167540 49] iPhoneX, [0000023B15584400][0000023B1616B6C0 49] iPhoneXS, [0000023B155D8300][0000023B1616F840 49] iPhoneXSMax, [0000023B15585500][0000023B161739C0 49] iPhoneXR, [0000023B155D8D00][0000023B16177B40 49] iPhone11, [0000023B15585000][0000023B1617A140 49] iPhone11Pro, [0000023B155D9D00][0000023B1617E2C0 49] iPhone11ProMax, [0000023B15585100][0000023B16182440 49] iPhoneSE2, [0000023B155D9C00][0000023B161865C0 49] iPhone12Mini, [0000023B15586A00][0000023B1618A740 49] iPhone12, [0000023B155DBB00][0000023B1618E8C0 49] iPhone12Pro, [0000023B15587500][0000023B0B7BEA00 49] iPhone12ProMax, [0000023B155DBC00][0000023B16192B40 49] iPadPro105, [0000023B15587E00][0000023B16196C80 49] iPadPro129, [0000023B155DA000][0000023B1619ADC0 49] iPadPro97, [0000023B15587000][0000023B161A2F40 49] iPadPro2_129, [0000023B155D8600][0000023B161A70C0 49] iPad5, [0000023B15584900][0000023B161AB240 49] iPad6, [0000023B155DB200][0000023B161AF3C0 49] iPad7, [0000023B15586D00][0000023B161B3540 49] iPad8, [0000023B155D9F00][0000023B161B76C0 49] iPadPro11, [0000023B15584F00][0000023B161BB840 49] iPadPro2_11, [0000023B155DAD00][0000023B161BF9C0 49] iPadPro3_129, [0000023B1576C400][0000023B161C3B40 49] iPadPro4_129, [0000023B155DED00][0000023B161C6140 49] AppleTV, [0000023B1576D600][0000023B161CA2C0 49] AppleTV4K, [0000023B155DC300][0000023B161CE440 49] TVOS, [0000023B1576CC00][0000023B161D25C0 49] Mac, [0000023B155DEB00][0000023B161D6740 49] MacClient, [0000023B1576DC00][0000023B161DA8C0 49] MacNoEditor, [0000023B155DDA00][0000023B161DEA40 49] MacServer, [0000023B1576DB00][0000023B1619EB80 49] Linux, [0000023B155DDF00][0000023B161E2CC0 49] LinuxAArch64, [0000023B1576C200][0000023B161E6E00 49] LinuxNoEditor, [0000023B155DDD00][0000023B161EAF40 49] LinuxAArch64NoEditor, [0000023B1576C800][0000023B161F30C0 49] LinuxClient, [0000023B155DD900][0000023B161F7240 49] LinuxAArch64Client, [0000023B1576D100][0000023B161FB3C0 49] LinuxServer, [0000023B155DC600][0000023B161FF540 49] LinuxAArch64Server, [0000023B1576C600][0000023B162036C0 49] Android, [0000023B15586400][0000023B16207840 49] Android_Low, [0000023B155DAA00][0000023B1620B9C0 49] Android_Mid, [0000023B15585D00][0000023B1620FB40 49] Android_High, [0000023B155D9400][0000023B16212140 49] Android_Default, [0000023B15584600][0000023B162162C0 49] Android_Adreno4xx, [0000023B155D9600][0000023B1621A440 49] Android_Adreno5xx_Low, [0000023B15587A00][0000023B1621E5C0 49] Android_Adreno5xx, [0000023B155D8A00][0000023B16222740 49] Android_Adreno6xx, [0000023B15587D00][0000023B162268C0 49] Android_Adreno6xx_Vulkan, [0000023B155D9100][0000023B1622AA40 49] Android_Mali_T6xx, [0000023B15584C00][0000023B1622EBC0 49] Android_Mali_T7xx, [0000023B155DA800][0000023B16232D40 49] Android_Mali_T8xx, [0000023B15587800][0000023B161EEE80 49] Android_Mali_G71, [0000023B1576E100][0000023B16236FC0 49] Android_Mali_G72, [0000023B15587F00][0000023B1623B100 49] Android_Mali_G72_Vulkan, [0000023B1576D200][0000023B16243280 49] Android_Mali_G76, [0000023B15586B00][0000023B16247400 49] Android_Mali_G76_Vulkan, [0000023B1576CD00][0000023B1624B580 49] Android_Mali_G77, [0000023B15585300][0000023B1624F700 49] Android_Mali_G77_Vulkan, [0000023B1576E300][0000023B16253880 49] Android_Mali_G78, [0000023B15585F00][0000023B16257A00 49] Android_Mali_G78_Vulkan, [0000023B1576DE00][0000023B1625BB80 49] Android_Mali_G710, [0000023B15587700][0000023B1625E180 49] Android_Mali_G710_Vulkan, [0000023B1576D900][0000023B16262300 49] Android_Vulkan_SM5, [0000023B15585800][0000023B16266480 49] Android_PowerVR_G6xxx, [0000023B155DB100][0000023B1626A600 49] Android_PowerVR_GT7xxx, [0000023B15585900][0000023B1626E780 49] Android_PowerVR_GE8xxx, [0000023B155DBD00][0000023B16272900 49] Android_PowerVR_GM9xxx, [0000023B15584200][0000023B16276A80 49] Android_PowerVR_GM9xxx_Vulkan, [0000023B155DBA00][0000023B1627AC00 49] Android_TegraK1, [0000023B15586600][0000023B1627ED80 49] Android_Unknown_Vulkan, [0000023B155DBF00][0000023B16282F00 49] Lumin, [0000023B15587C00][0000023B1623F040 49] Lumin_Desktop, [0000023B155DAB00][0000023B16287180 49] HoloLens, 
[2022.03.24-20.16.35:288][  0]LogMeshReduction: Using QuadricMeshReduction for automatic static mesh reduction
[2022.03.24-20.16.35:288][  0]LogMeshReduction: Using SimplygonMeshReduction for automatic skeletal mesh reduction
[2022.03.24-20.16.35:289][  0]LogMeshReduction: Using ProxyLODMeshReduction for automatic mesh merging
[2022.03.24-20.16.35:289][  0]LogMeshReduction: No distributed automatic mesh merging module available
[2022.03.24-20.16.35:289][  0]LogMeshMerging: No distributed automatic mesh merging module available
[2022.03.24-20.16.35:593][  0]LogNetVersion: FinalProject 1.0.0, NetCL: 17155196, EngineNetVer: 17, GameNetVer: 0 (Checksum: 2450765920)
[2022.03.24-20.16.48:186][  0]LogTexture: Default maximum texture size for cubemaps generated from long-lat sources has been changed from 512 to unlimited. In order to preserve old behaiour for '/Engine/MapTemplates/Sky/DaylightAmbientCubemap.DaylightAmbientCubemap', its maximum texture size has been explicitly set to 512.
[2022.03.24-20.16.48:942][  0]LogHMD: PokeAHoleMaterial loaded successfully
[2022.03.24-20.16.49:046][  0]LogUObjectArray: 17178 objects as part of root set at end of initial load.
[2022.03.24-20.16.49:046][  0]LogUObjectAllocator: 4302048 out of 0 bytes used by permanent object pool.
[2022.03.24-20.16.49:046][  0]LogUObjectArray: CloseDisregardForGC: 0/0 objects in disregard for GC pool
[2022.03.24-20.16.58:877][  0]LogNiagaraDebuggerClient: Niagara Debugger Client Initialized | Session: 46024035452DE98F40BFF4B2D0E12A07 | Instance: B523A145489F9071687889A87F16B296 (DESKTOP-U866DT3-8352).
[2022.03.24-20.16.59:879][  0]LogPython: Using Python 3.7.7
[2022.03.24-20.17.02:803][  0]LogTcpMessaging: Initializing TcpMessaging bridge
[2022.03.24-20.17.02:848][  0]LogUdpMessaging: Initializing bridge on interface 0.0.0.0:0 to multicast group 230.0.0.1:6666.
[2022.03.24-20.17.07:716][  0]SourceControl: Source control is disabled
[2022.03.24-20.17.07:716][  0]SourceControl: Source control is disabled
[2022.03.24-20.17.08:097][  0]SourceControl: Source control is disabled
[2022.03.24-20.17.08:565][  0]SourceControl: Source control is disabled
[2022.03.24-20.17.08:731][  0]SourceControl: Source control is disabled
[2022.03.24-20.17.08:808][  0]LogUProjectInfo: Found projects:
[2022.03.24-20.17.13:779][  0]LogOpenImageDenoise: OIDN starting up
[2022.03.24-20.17.14:463][  0]LogAndroidPermission: UAndroidPermissionCallbackProxy::GetInstance
[2022.03.24-20.17.14:748][  0]LogAudioCaptureCore: Display: No Audio Capture implementations found. Audio input will be silent.
[2022.03.24-20.17.14:748][  0]LogAudioCaptureCore: Display: No Audio Capture implementations found. Audio input will be silent.
[2022.03.24-20.17.16:221][  0]LogCollectionManager: Loaded 0 collections in 0.004785 seconds
[2022.03.24-20.17.17:078][  0]LogFileCache: Scanning file cache for directory 'D:/GithubRepo/FinalYearProject/FinalProject/Saved/Collections/' took 0.00s
[2022.03.24-20.17.17:078][  0]LogFileCache: Scanning file cache for directory 'D:/GithubRepo/FinalYearProject/FinalProject/Content/Developers/james/Collections/' took 0.00s
[2022.03.24-20.17.17:078][  0]LogFileCache: Scanning file cache for directory 'D:/GithubRepo/FinalYearProject/FinalProject/Content/Collections/' took 0.00s
[2022.03.24-20.17.17:378][  0]LogOcInput: OculusInput pre-init called
[2022.03.24-20.17.22:081][  0]LogEngine: Initializing Engine...
[2022.03.24-20.17.22:208][  0]LogHMD: Failed to enumerate extensions. Please check that you have a valid OpenXR runtime installed.
[2022.03.24-20.17.22:209][  0]LogHMD: Failed to initialize OpenVR with code 110
[2022.03.24-20.17.22:209][  0]LogMagicLeap: Warning: VR disabled because ZI is not enabled.  To enable, in the editor, Edit -> Project Settings -> Plugins -> Magic Leap Plugin -> Enable Zero Iteration
[2022.03.24-20.17.22:225][  0]LogStats: UGameplayTagsManager::InitializeManager -  0.000 s
[2022.03.24-20.17.22:769][  0]LogInit: Initializing FReadOnlyCVARCache
[2022.03.24-20.17.23:122][  0]LogAIModule: Creating AISystem for world Untitled
[2022.03.24-20.17.23:264][  0]LogAudio: Display: Initializing Audio Device Manager...
[2022.03.24-20.17.23:334][  0]LogAudio: Display: Loading Default Audio Settings Objects...
[2022.03.24-20.17.23:348][  0]LogAudio: Display: No default SoundConcurrencyObject specified (or failed to load).
[2022.03.24-20.17.23:349][  0]LogAudio: Display: Audio Device Manager Initialized
[2022.03.24-20.17.23:349][  0]LogAudio: Display: Creating Audio Device:                 Id: 1, Scope: Shared, Realtime: True
[2022.03.24-20.17.23:350][  0]LogAudioMixer: Display: Audio Mixer Platform Settings:
[2022.03.24-20.17.23:350][  0]LogAudioMixer: Display: 	Sample Rate:						  48000
[2022.03.24-20.17.23:350][  0]LogAudioMixer: Display: 	Callback Buffer Frame Size Requested: 1024
[2022.03.24-20.17.23:350][  0]LogAudioMixer: Display: 	Callback Buffer Frame Size To Use:	  1024
[2022.03.24-20.17.23:350][  0]LogAudioMixer: Display: 	Number of buffers to queue:			  2
[2022.03.24-20.17.23:350][  0]LogAudioMixer: Display: 	Max Channels (voices):				  32
[2022.03.24-20.17.23:351][  0]LogAudioMixer: Display: 	Number of Async Source Workers:		  0
[2022.03.24-20.17.23:351][  0]LogAudio: Display: AudioDevice MaxSources: 32
[2022.03.24-20.17.23:351][  0]LogAudio: Display: Audio Spatialization Plugin: None (built-in).
[2022.03.24-20.17.23:352][  0]LogAudio: Display: Audio Reverb Plugin: None (built-in).
[2022.03.24-20.17.23:352][  0]LogAudio: Display: Audio Occlusion Plugin: None (built-in).
[2022.03.24-20.17.23:352][  0]LogAudioMixer: Display: Initializing audio mixer.
[2022.03.24-20.17.23:600][  0]LogAudioMixer: Display: 0: FrontLeft
[2022.03.24-20.17.23:601][  0]LogAudioMixer: Display: 1: FrontRight
[2022.03.24-20.17.23:744][  0]LogAudioMixer: Display: Using Audio Device Speakers/Headphones (Realtek(R) Audio)
[2022.03.24-20.17.23:745][  0]LogAudioMixer: Display: Initializing Sound Submixes...
[2022.03.24-20.17.23:803][  0]LogAudioMixer: Display: Creating Master Submix 'MasterSubmixDefault'
[2022.03.24-20.17.23:803][  0]LogAudioMixer: Display: Creating Master Submix 'MasterReverbSubmixDefault'
[2022.03.24-20.17.23:804][  0]LogAudioMixer: Display: Creating Master Submix 'MasterEQSubmixDefault'
[2022.03.24-20.17.23:804][  0]LogAudioMixer: FMixerPlatformXAudio2::StartAudioStream() called
[2022.03.24-20.17.23:805][  0]LogAudioMixer: Display: Output buffers initialized: Frames=1024, Channels=2, Samples=2048
[2022.03.24-20.17.23:807][  0]LogAudioMixer: Display: Starting AudioMixerPlatformInterface::RunInternal()
[2022.03.24-20.17.23:807][  0]LogAudioMixer: Display: FMixerPlatformXAudio2::SubmitBuffer() called for the first time
[2022.03.24-20.17.23:807][  0]LogInit: FAudioDevice initialized.
[2022.03.24-20.17.23:808][  0]LogAudio: Display: Audio Device (ID: 1) registered with world 'Untitled'.
[2022.03.24-20.17.23:810][  0]LogNetVersion: Set ProjectVersion to 1.0.0.0. Version Checksum will be recalculated on next use.
[2022.03.24-20.17.23:862][  0]LogDerivedDataCache: Saved boot cache 0.05s 99MB C:/Users/james/AppData/Local/UnrealEngine/4.27/DerivedDataCache/Boot.ddc.
[2022.03.24-20.17.23:862][  0]LogInit: Texture streaming: Enabled
[2022.03.24-20.17.24:023][  0]LogAnalytics: Display: [UEEditor.Rocket.Release] APIServer = https://datarouter.ol.epicgames.com/. AppVersion = 4.27.2-18319896+++UE4+Release-4.27
[2022.03.24-20.17.24:060][  0]LogEngineSessionManager: EngineSessionManager initialized
[2022.03.24-20.17.24:060][  0]LogEditorSessionSummary: Verbose: Initializing EditorSessionSummaryWriter for editor session tracking
[2022.03.24-20.17.24:067][  0]LogEditorSessionSummary: EditorSessionSummaryWriter initialized
[2022.03.24-20.17.24:357][  0]LogInit: Transaction tracking system initialized
[2022.03.24-20.17.24:844][  0]BlueprintLog: New page: Editor Load
[2022.03.24-20.17.27:662][  0]LocalizationService: Localization service is disabled
[2022.03.24-20.17.28:254][  0]TimingProfiler: Initialize
[2022.03.24-20.17.28:255][  0]TimingProfiler: OnSessionChanged
[2022.03.24-20.17.28:255][  0]LoadingProfiler: Initialize
[2022.03.24-20.17.28:255][  0]LoadingProfiler: OnSessionChanged
[2022.03.24-20.17.28:256][  0]NetworkingProfiler: Initialize
[2022.03.24-20.17.28:256][  0]NetworkingProfiler: OnSessionChanged
[2022.03.24-20.17.28:256][  0]MemoryProfiler: Initialize
[2022.03.24-20.17.28:256][  0]MemoryProfiler: OnSessionChanged
[2022.03.24-20.17.30:771][  0]LogCook: Display: CookSettings for Memory: MemoryMaxUsedVirtual 0MiB, MemoryMaxUsedPhysical 16384MiB, MemoryMinFreeVirtual 0MiB, MemoryMinFreePhysical 1024MiB
[2022.03.24-20.17.30:771][  0]LogCook: Display: Mobile HDR setting 1
[2022.03.24-20.17.32:298][  0]LogFileCache: Scanning file cache for directory 'D:/GithubRepo/FinalYearProject/FinalProject/Content/' took 1.45s
[2022.03.24-20.17.38:242][  0]LogInit: Display: Engine is initialized. Leaving FEngineLoop::Init()
[2022.03.24-20.17.38:272][  0]SourceControl: Source control is disabled
[2022.03.24-20.17.38:272][  0]LogUnrealEdMisc: Loading editor; pre map load, took 131.668
[2022.03.24-20.17.38:272][  0]Cmd: MAP LOAD FILE="../../../../../GithubRepo/FinalYearProject/FinalProject/Content/FirstPersonCPP/Maps/FirstPersonExampleMap.umap" TEMPLATE=0 SHOWPROGRESS=1 FEATURELEVEL=3
[2022.03.24-20.17.38:338][  0]LightingResults: New page: Lighting Build
[2022.03.24-20.17.38:864][  0]LogWorld: UWorld::CleanupWorld for Untitled, bSessionEnded=true, bCleanupResources=true
[2022.03.24-20.17.38:885][  0]LogSlate: InvalidateAllWidgets triggered.  All widgets were invalidated
[2022.03.24-20.17.39:029][  0]MapCheck: New page: Map Check
[2022.03.24-20.17.39:029][  0]LightingResults: New page: Lighting Build
[2022.03.24-20.17.39:072][  0]LogAudio: Display: Audio Device unregistered from world 'None'.
[2022.03.24-20.17.39:350][  0]LogUObjectHash: Compacting FUObjectHashTables data took   2.11ms
[2022.03.24-20.17.40:344][  0]LogTexture: Display: Building textures: DeprecatedTextureD5B55AC7496CD3FBF6154CA3715BB71F (BGRA8, 128X128)
[2022.03.24-20.17.40:541][  0]LogAudio: Display: Audio Device (ID: 1) registered with world 'FirstPersonExampleMap'.
[2022.03.24-20.17.40:542][  0]LogAIModule: Creating AISystem for world FirstPersonExampleMap
[2022.03.24-20.17.41:099][  0]LogEditorServer: Finished looking for orphan Actors (0.000 secs)
[2022.03.24-20.17.41:149][  0]LogUObjectHash: Compacting FUObjectHashTables data took   1.32ms
[2022.03.24-20.17.41:150][  0]Cmd: MAP CHECKDEP NOCLEARLOG
[2022.03.24-20.17.41:164][  0]MapCheck: Map check complete: 0 Error(s), 0 Warning(s), took 14.164ms to complete.
[2022.03.24-20.17.41:165][  0]LogFileHelpers: Loading map 'FirstPersonExampleMap' took 2.892
[2022.03.24-20.17.41:214][  0]LogUnrealEdMisc: Total Editor Startup Time, took 134.609
[2022.03.24-20.17.42:299][  0]LogSlate: Updating window title bar state: overlay mode, drag disabled, window buttons hidden, title bar hidden
[2022.03.24-20.17.42:312][  0]LogSlate: Updating window title bar state: overlay mode, drag disabled, window buttons hidden, title bar hidden
[2022.03.24-20.17.42:324][  0]LogSlate: Updating window title bar state: overlay mode, drag disabled, window buttons hidden, title bar hidden
[2022.03.24-20.17.42:333][  0]LogSlate: Updating window title bar state: overlay mode, drag disabled, window buttons hidden, title bar hidden
[2022.03.24-20.17.42:477][  0]LogNativeClassHierarchy: Verbose: Native class hierarchy populated in 0.0100 seconds. Added 3828 classes and 930 folders.
[2022.03.24-20.17.42:503][  0]LogNativeClassHierarchy: Verbose: Native class hierarchy updated for 'WidgetCarousel' in 0.0004 seconds. Added 0 classes and 0 folders.
[2022.03.24-20.17.42:672][  0]LogPakFile: PakFile PrimaryIndexSize=187
[2022.03.24-20.17.42:673][  0]LogPakFile: PakFile PathHashIndexSize=101
[2022.03.24-20.17.42:673][  0]LogPakFile: PakFile FullDirectoryIndexSize=148
[2022.03.24-20.17.42:673][  0]LogShaderLibrary: Display: ShaderCodeLibraryPakFileMountedCallback: PakFile 'D:/UE4.27/UE_4.27/FeaturePacks/FP_FirstPerson.upack' (chunk index -1, root 'root:/') mounted
[2022.03.24-20.17.42:673][  0]LogShaderLibrary: Display: ShaderCodeLibraryPakFileMountedCallback: pending pak file info (ChunkID:-1 Root:root:/ File:D:/UE4.27/UE_4.27/FeaturePacks/FP_FirstPerson.upack)
[2022.03.24-20.17.42:673][  0]LogPakFile: OnPakFileMounted2Time == 0.000319
[2022.03.24-20.17.42:781][  0]LogPakFile: PakFile PrimaryIndexSize=189
[2022.03.24-20.17.42:781][  0]LogPakFile: PakFile PathHashIndexSize=101
[2022.03.24-20.17.42:781][  0]LogPakFile: PakFile FullDirectoryIndexSize=152
[2022.03.24-20.17.42:781][  0]LogShaderLibrary: Display: ShaderCodeLibraryPakFileMountedCallback: PakFile 'D:/UE4.27/UE_4.27/FeaturePacks/FP_FirstPersonBP.upack' (chunk index -1, root 'root:/') mounted
[2022.03.24-20.17.42:782][  0]LogShaderLibrary: Display: ShaderCodeLibraryPakFileMountedCallback: pending pak file info (ChunkID:-1 Root:root:/ File:D:/UE4.27/UE_4.27/FeaturePacks/FP_FirstPersonBP.upack)
[2022.03.24-20.17.42:782][  0]LogPakFile: OnPakFileMounted2Time == 0.000278
[2022.03.24-20.17.42:834][  0]LogPakFile: PakFile PrimaryIndexSize=191
[2022.03.24-20.17.42:834][  0]LogPakFile: PakFile PathHashIndexSize=101
[2022.03.24-20.17.42:834][  0]LogPakFile: PakFile FullDirectoryIndexSize=160
[2022.03.24-20.17.42:834][  0]LogShaderLibrary: Display: ShaderCodeLibraryPakFileMountedCallback: PakFile 'D:/UE4.27/UE_4.27/FeaturePacks/MobileStarterContent.upack' (chunk index -1, root 'root:/') mounted
[2022.03.24-20.17.42:834][  0]LogShaderLibrary: Display: ShaderCodeLibraryPakFileMountedCallback: pending pak file info (ChunkID:-1 Root:root:/ File:D:/UE4.27/UE_4.27/FeaturePacks/MobileStarterContent.upack)
[2022.03.24-20.17.42:834][  0]LogPakFile: OnPakFileMounted2Time == 0.000278
[2022.03.24-20.17.42:875][  0]LogPakFile: PakFile PrimaryIndexSize=185
[2022.03.24-20.17.42:875][  0]LogPakFile: PakFile PathHashIndexSize=101
[2022.03.24-20.17.42:875][  0]LogPakFile: PakFile FullDirectoryIndexSize=148
[2022.03.24-20.17.42:875][  0]LogShaderLibrary: Display: ShaderCodeLibraryPakFileMountedCallback: PakFile 'D:/UE4.27/UE_4.27/FeaturePacks/StarterContent.upack' (chunk index -1, root 'root:/') mounted
[2022.03.24-20.17.42:875][  0]LogShaderLibrary: Display: ShaderCodeLibraryPakFileMountedCallback: pending pak file info (ChunkID:-1 Root:root:/ File:D:/UE4.27/UE_4.27/FeaturePacks/StarterContent.upack)
[2022.03.24-20.17.42:875][  0]LogPakFile: OnPakFileMounted2Time == 0.000293
[2022.03.24-20.17.42:920][  0]LogPakFile: PakFile PrimaryIndexSize=190
[2022.03.24-20.17.42:921][  0]LogPakFile: PakFile PathHashIndexSize=101
[2022.03.24-20.17.42:921][  0]LogPakFile: PakFile FullDirectoryIndexSize=154
[2022.03.24-20.17.42:921][  0]LogShaderLibrary: Display: ShaderCodeLibraryPakFileMountedCallback: PakFile 'D:/UE4.27/UE_4.27/FeaturePacks/TP_2DSideScroller.upack' (chunk index -1, root 'root:/') mounted
[2022.03.24-20.17.42:921][  0]LogShaderLibrary: Display: ShaderCodeLibraryPakFileMountedCallback: pending pak file info (ChunkID:-1 Root:root:/ File:D:/UE4.27/UE_4.27/FeaturePacks/TP_2DSideScroller.upack)
[2022.03.24-20.17.42:921][  0]LogPakFile: OnPakFileMounted2Time == 0.000255
[2022.03.24-20.17.42:946][  0]LogPakFile: PakFile PrimaryIndexSize=192
[2022.03.24-20.17.42:947][  0]LogPakFile: PakFile PathHashIndexSize=101
[2022.03.24-20.17.42:947][  0]LogPakFile: PakFile FullDirectoryIndexSize=158
[2022.03.24-20.17.42:947][  0]LogShaderLibrary: Display: ShaderCodeLibraryPakFileMountedCallback: PakFile 'D:/UE4.27/UE_4.27/FeaturePacks/TP_2DSideScrollerBP.upack' (chunk index -1, root 'root:/') mounted
[2022.03.24-20.17.42:947][  0]LogShaderLibrary: Display: ShaderCodeLibraryPakFileMountedCallback: pending pak file info (ChunkID:-1 Root:root:/ File:D:/UE4.27/UE_4.27/FeaturePacks/TP_2DSideScrollerBP.upack)
[2022.03.24-20.17.42:947][  0]LogPakFile: OnPakFileMounted2Time == 0.000267
[2022.03.24-20.17.43:026][  0]LogPakFile: PakFile PrimaryIndexSize=182
[2022.03.24-20.17.43:026][  0]LogPakFile: PakFile PathHashIndexSize=101
[2022.03.24-20.17.43:026][  0]LogPakFile: PakFile FullDirectoryIndexSize=138
[2022.03.24-20.17.43:026][  0]LogShaderLibrary: Display: ShaderCodeLibraryPakFileMountedCallback: PakFile 'D:/UE4.27/UE_4.27/FeaturePacks/TP_Flying.upack' (chunk index -1, root 'root:/') mounted
[2022.03.24-20.17.43:027][  0]LogShaderLibrary: Display: ShaderCodeLibraryPakFileMountedCallback: pending pak file info (ChunkID:-1 Root:root:/ File:D:/UE4.27/UE_4.27/FeaturePacks/TP_Flying.upack)
[2022.03.24-20.17.43:027][  0]LogPakFile: OnPakFileMounted2Time == 0.000343
[2022.03.24-20.17.43:075][  0]LogPakFile: PakFile PrimaryIndexSize=184
[2022.03.24-20.17.43:075][  0]LogPakFile: PakFile PathHashIndexSize=101
[2022.03.24-20.17.43:075][  0]LogPakFile: PakFile FullDirectoryIndexSize=142
[2022.03.24-20.17.43:075][  0]LogShaderLibrary: Display: ShaderCodeLibraryPakFileMountedCallback: PakFile 'D:/UE4.27/UE_4.27/FeaturePacks/TP_FlyingBP.upack' (chunk index -1, root 'root:/') mounted
[2022.03.24-20.17.43:075][  0]LogShaderLibrary: Display: ShaderCodeLibraryPakFileMountedCallback: pending pak file info (ChunkID:-1 Root:root:/ File:D:/UE4.27/UE_4.27/FeaturePacks/TP_FlyingBP.upack)
[2022.03.24-20.17.43:075][  0]LogPakFile: OnPakFileMounted2Time == 0.000236
[2022.03.24-20.17.43:105][  0]LogPakFile: PakFile PrimaryIndexSize=188
[2022.03.24-20.17.43:105][  0]LogPakFile: PakFile PathHashIndexSize=101
[2022.03.24-20.17.43:105][  0]LogPakFile: PakFile FullDirectoryIndexSize=150
[2022.03.24-20.17.43:106][  0]LogShaderLibrary: Display: ShaderCodeLibraryPakFileMountedCallback: PakFile 'D:/UE4.27/UE_4.27/FeaturePacks/TP_HandheldARBP.upack' (chunk index -1, root 'root:/') mounted
[2022.03.24-20.17.43:106][  0]LogShaderLibrary: Display: ShaderCodeLibraryPakFileMountedCallback: pending pak file info (ChunkID:-1 Root:root:/ File:D:/UE4.27/UE_4.27/FeaturePacks/TP_HandheldARBP.upack)
[2022.03.24-20.17.43:106][  0]LogPakFile: OnPakFileMounted2Time == 0.000262
[2022.03.24-20.17.43:177][  0]LogPakFile: PakFile PrimaryIndexSize=182
[2022.03.24-20.17.43:178][  0]LogPakFile: PakFile PathHashIndexSize=101
[2022.03.24-20.17.43:178][  0]LogPakFile: PakFile FullDirectoryIndexSize=138
[2022.03.24-20.17.43:178][  0]LogShaderLibrary: Display: ShaderCodeLibraryPakFileMountedCallback: PakFile 'D:/UE4.27/UE_4.27/FeaturePacks/TP_Puzzle.upack' (chunk index -1, root 'root:/') mounted
[2022.03.24-20.17.43:178][  0]LogShaderLibrary: Display: ShaderCodeLibraryPakFileMountedCallback: pending pak file info (ChunkID:-1 Root:root:/ File:D:/UE4.27/UE_4.27/FeaturePacks/TP_Puzzle.upack)
[2022.03.24-20.17.43:178][  0]LogPakFile: OnPakFileMounted2Time == 0.000313
[2022.03.24-20.17.43:216][  0]LogPakFile: PakFile PrimaryIndexSize=184
[2022.03.24-20.17.43:216][  0]LogPakFile: PakFile PathHashIndexSize=101
[2022.03.24-20.17.43:216][  0]LogPakFile: PakFile FullDirectoryIndexSize=142
[2022.03.24-20.17.43:217][  0]LogShaderLibrary: Display: ShaderCodeLibraryPakFileMountedCallback: PakFile 'D:/UE4.27/UE_4.27/FeaturePacks/TP_PuzzleBP.upack' (chunk index -1, root 'root:/') mounted
[2022.03.24-20.17.43:217][  0]LogShaderLibrary: Display: ShaderCodeLibraryPakFileMountedCallback: pending pak file info (ChunkID:-1 Root:root:/ File:D:/UE4.27/UE_4.27/FeaturePacks/TP_PuzzleBP.upack)
[2022.03.24-20.17.43:217][  0]LogPakFile: OnPakFileMounted2Time == 0.000280
[2022.03.24-20.17.43:253][  0]LogPakFile: PakFile PrimaryIndexSize=183
[2022.03.24-20.17.43:253][  0]LogPakFile: PakFile PathHashIndexSize=101
[2022.03.24-20.17.43:254][  0]LogPakFile: PakFile FullDirectoryIndexSize=140
[2022.03.24-20.17.43:254][  0]LogShaderLibrary: Display: ShaderCodeLibraryPakFileMountedCallback: PakFile 'D:/UE4.27/UE_4.27/FeaturePacks/TP_Rolling.upack' (chunk index -1, root 'root:/') mounted
[2022.03.24-20.17.43:254][  0]LogShaderLibrary: Display: ShaderCodeLibraryPakFileMountedCallback: pending pak file info (ChunkID:-1 Root:root:/ File:D:/UE4.27/UE_4.27/FeaturePacks/TP_Rolling.upack)
[2022.03.24-20.17.43:254][  0]LogPakFile: OnPakFileMounted2Time == 0.000213
[2022.03.24-20.17.43:276][  0]LogPakFile: PakFile PrimaryIndexSize=185
[2022.03.24-20.17.43:276][  0]LogPakFile: PakFile PathHashIndexSize=101
[2022.03.24-20.17.43:277][  0]LogPakFile: PakFile FullDirectoryIndexSize=144
[2022.03.24-20.17.43:277][  0]LogShaderLibrary: Display: ShaderCodeLibraryPakFileMountedCallback: PakFile 'D:/UE4.27/UE_4.27/FeaturePacks/TP_RollingBP.upack' (chunk index -1, root 'root:/') mounted
[2022.03.24-20.17.43:277][  0]LogShaderLibrary: Display: ShaderCodeLibraryPakFileMountedCallback: pending pak file info (ChunkID:-1 Root:root:/ File:D:/UE4.27/UE_4.27/FeaturePacks/TP_RollingBP.upack)
[2022.03.24-20.17.43:277][  0]LogPakFile: OnPakFileMounted2Time == 0.000232
[2022.03.24-20.17.43:293][  0]LogPakFile: PakFile PrimaryIndexSize=188
[2022.03.24-20.17.43:293][  0]LogPakFile: PakFile PathHashIndexSize=101
[2022.03.24-20.17.43:293][  0]LogPakFile: PakFile FullDirectoryIndexSize=150
[2022.03.24-20.17.43:293][  0]LogShaderLibrary: Display: ShaderCodeLibraryPakFileMountedCallback: PakFile 'D:/UE4.27/UE_4.27/FeaturePacks/TP_SideScroller.upack' (chunk index -1, root 'root:/') mounted
[2022.03.24-20.17.43:293][  0]LogShaderLibrary: Display: ShaderCodeLibraryPakFileMountedCallback: pending pak file info (ChunkID:-1 Root:root:/ File:D:/UE4.27/UE_4.27/FeaturePacks/TP_SideScroller.upack)
[2022.03.24-20.17.43:293][  0]LogPakFile: OnPakFileMounted2Time == 0.000253
[2022.03.24-20.17.43:318][  0]LogPakFile: PakFile PrimaryIndexSize=190
[2022.03.24-20.17.43:318][  0]LogPakFile: PakFile PathHashIndexSize=101
[2022.03.24-20.17.43:318][  0]LogPakFile: PakFile FullDirectoryIndexSize=154
[2022.03.24-20.17.43:319][  0]LogShaderLibrary: Display: ShaderCodeLibraryPakFileMountedCallback: PakFile 'D:/UE4.27/UE_4.27/FeaturePacks/TP_SideScrollerBP.upack' (chunk index -1, root 'root:/') mounted
[2022.03.24-20.17.43:319][  0]LogShaderLibrary: Display: ShaderCodeLibraryPakFileMountedCallback: pending pak file info (ChunkID:-1 Root:root:/ File:D:/UE4.27/UE_4.27/FeaturePacks/TP_SideScrollerBP.upack)
[2022.03.24-20.17.43:319][  0]LogPakFile: OnPakFileMounted2Time == 0.000262
[2022.03.24-20.17.43:323][  0]LogPakFile: PakFile PrimaryIndexSize=187
[2022.03.24-20.17.43:323][  0]LogPakFile: PakFile PathHashIndexSize=101
[2022.03.24-20.17.43:323][  0]LogPakFile: PakFile FullDirectoryIndexSize=148
[2022.03.24-20.17.43:323][  0]LogShaderLibrary: Display: ShaderCodeLibraryPakFileMountedCallback: PakFile 'D:/UE4.27/UE_4.27/FeaturePacks/TP_ThirdPerson.upack' (chunk index -1, root 'root:/') mounted
[2022.03.24-20.17.43:323][  0]LogShaderLibrary: Display: ShaderCodeLibraryPakFileMountedCallback: pending pak file info (ChunkID:-1 Root:root:/ File:D:/UE4.27/UE_4.27/FeaturePacks/TP_ThirdPerson.upack)
[2022.03.24-20.17.43:324][  0]LogPakFile: OnPakFileMounted2Time == 0.000229
[2022.03.24-20.17.43:331][  0]LogPakFile: PakFile PrimaryIndexSize=189
[2022.03.24-20.17.43:331][  0]LogPakFile: PakFile PathHashIndexSize=101
[2022.03.24-20.17.43:331][  0]LogPakFile: PakFile FullDirectoryIndexSize=152
[2022.03.24-20.17.43:331][  0]LogShaderLibrary: Display: ShaderCodeLibraryPakFileMountedCallback: PakFile 'D:/UE4.27/UE_4.27/FeaturePacks/TP_ThirdPersonBP.upack' (chunk index -1, root 'root:/') mounted
[2022.03.24-20.17.43:331][  0]LogShaderLibrary: Display: ShaderCodeLibraryPakFileMountedCallback: pending pak file info (ChunkID:-1 Root:root:/ File:D:/UE4.27/UE_4.27/FeaturePacks/TP_ThirdPersonBP.upack)
[2022.03.24-20.17.43:331][  0]LogPakFile: OnPakFileMounted2Time == 0.000267
[2022.03.24-20.17.43:345][  0]LogPakFile: PakFile PrimaryIndexSize=183
[2022.03.24-20.17.43:346][  0]LogPakFile: PakFile PathHashIndexSize=101
[2022.03.24-20.17.43:346][  0]LogPakFile: PakFile FullDirectoryIndexSize=140
[2022.03.24-20.17.43:346][  0]LogShaderLibrary: Display: ShaderCodeLibraryPakFileMountedCallback: PakFile 'D:/UE4.27/UE_4.27/FeaturePacks/TP_TopDown.upack' (chunk index -1, root 'root:/') mounted
[2022.03.24-20.17.43:346][  0]LogShaderLibrary: Display: ShaderCodeLibraryPakFileMountedCallback: pending pak file info (ChunkID:-1 Root:root:/ File:D:/UE4.27/UE_4.27/FeaturePacks/TP_TopDown.upack)
[2022.03.24-20.17.43:346][  0]LogPakFile: OnPakFileMounted2Time == 0.000298
[2022.03.24-20.17.43:350][  0]LogPakFile: PakFile PrimaryIndexSize=185
[2022.03.24-20.17.43:350][  0]LogPakFile: PakFile PathHashIndexSize=101
[2022.03.24-20.17.43:350][  0]LogPakFile: PakFile FullDirectoryIndexSize=144
[2022.03.24-20.17.43:351][  0]LogShaderLibrary: Display: ShaderCodeLibraryPakFileMountedCallback: PakFile 'D:/UE4.27/UE_4.27/FeaturePacks/TP_TopDownBP.upack' (chunk index -1, root 'root:/') mounted
[2022.03.24-20.17.43:351][  0]LogShaderLibrary: Display: ShaderCodeLibraryPakFileMountedCallback: pending pak file info (ChunkID:-1 Root:root:/ File:D:/UE4.27/UE_4.27/FeaturePacks/TP_TopDownBP.upack)
[2022.03.24-20.17.43:351][  0]LogPakFile: OnPakFileMounted2Time == 0.000267
[2022.03.24-20.17.43:354][  0]LogPakFile: PakFile PrimaryIndexSize=185
[2022.03.24-20.17.43:354][  0]LogPakFile: PakFile PathHashIndexSize=101
[2022.03.24-20.17.43:354][  0]LogPakFile: PakFile FullDirectoryIndexSize=144
[2022.03.24-20.17.43:354][  0]LogShaderLibrary: Display: ShaderCodeLibraryPakFileMountedCallback: PakFile 'D:/UE4.27/UE_4.27/FeaturePacks/TP_TwinStick.upack' (chunk index -1, root 'root:/') mounted
[2022.03.24-20.17.43:355][  0]LogShaderLibrary: Display: ShaderCodeLibraryPakFileMountedCallback: pending pak file info (ChunkID:-1 Root:root:/ File:D:/UE4.27/UE_4.27/FeaturePacks/TP_TwinStick.upack)
[2022.03.24-20.17.43:355][  0]LogPakFile: OnPakFileMounted2Time == 0.000292
[2022.03.24-20.17.43:384][  0]LogPakFile: PakFile PrimaryIndexSize=187
[2022.03.24-20.17.43:384][  0]LogPakFile: PakFile PathHashIndexSize=101
[2022.03.24-20.17.43:384][  0]LogPakFile: PakFile FullDirectoryIndexSize=148
[2022.03.24-20.17.43:384][  0]LogShaderLibrary: Display: ShaderCodeLibraryPakFileMountedCallback: PakFile 'D:/UE4.27/UE_4.27/FeaturePacks/TP_TwinStickBP.upack' (chunk index -1, root 'root:/') mounted
[2022.03.24-20.17.43:385][  0]LogShaderLibrary: Display: ShaderCodeLibraryPakFileMountedCallback: pending pak file info (ChunkID:-1 Root:root:/ File:D:/UE4.27/UE_4.27/FeaturePacks/TP_TwinStickBP.upack)
[2022.03.24-20.17.43:385][  0]LogPakFile: OnPakFileMounted2Time == 0.001099
[2022.03.24-20.17.43:403][  0]LogPakFile: PakFile PrimaryIndexSize=183
[2022.03.24-20.17.43:404][  0]LogPakFile: PakFile PathHashIndexSize=101
[2022.03.24-20.17.43:404][  0]LogPakFile: PakFile FullDirectoryIndexSize=140
[2022.03.24-20.17.43:404][  0]LogShaderLibrary: Display: ShaderCodeLibraryPakFileMountedCallback: PakFile 'D:/UE4.27/UE_4.27/FeaturePacks/TP_Vehicle.upack' (chunk index -1, root 'root:/') mounted
[2022.03.24-20.17.43:404][  0]LogShaderLibrary: Display: ShaderCodeLibraryPakFileMountedCallback: pending pak file info (ChunkID:-1 Root:root:/ File:D:/UE4.27/UE_4.27/FeaturePacks/TP_Vehicle.upack)
[2022.03.24-20.17.43:404][  0]LogPakFile: OnPakFileMounted2Time == 0.000275
[2022.03.24-20.17.43:428][  0]LogPakFile: PakFile PrimaryIndexSize=186
[2022.03.24-20.17.43:428][  0]LogPakFile: PakFile PathHashIndexSize=101
[2022.03.24-20.17.43:428][  0]LogPakFile: PakFile FullDirectoryIndexSize=146
[2022.03.24-20.17.43:428][  0]LogShaderLibrary: Display: ShaderCodeLibraryPakFileMountedCallback: PakFile 'D:/UE4.27/UE_4.27/FeaturePacks/TP_VehicleAdv.upack' (chunk index -1, root 'root:/') mounted
[2022.03.24-20.17.43:428][  0]LogShaderLibrary: Display: ShaderCodeLibraryPakFileMountedCallback: pending pak file info (ChunkID:-1 Root:root:/ File:D:/UE4.27/UE_4.27/FeaturePacks/TP_VehicleAdv.upack)
[2022.03.24-20.17.43:428][  0]LogPakFile: OnPakFileMounted2Time == 0.000309
[2022.03.24-20.17.43:433][  0]LogPakFile: PakFile PrimaryIndexSize=188
[2022.03.24-20.17.43:433][  0]LogPakFile: PakFile PathHashIndexSize=101
[2022.03.24-20.17.43:434][  0]LogPakFile: PakFile FullDirectoryIndexSize=150
[2022.03.24-20.17.43:434][  0]LogShaderLibrary: Display: ShaderCodeLibraryPakFileMountedCallback: PakFile 'D:/UE4.27/UE_4.27/FeaturePacks/TP_VehicleAdvBP.upack' (chunk index -1, root 'root:/') mounted
[2022.03.24-20.17.43:434][  0]LogShaderLibrary: Display: ShaderCodeLibraryPakFileMountedCallback: pending pak file info (ChunkID:-1 Root:root:/ File:D:/UE4.27/UE_4.27/FeaturePacks/TP_VehicleAdvBP.upack)
[2022.03.24-20.17.43:434][  0]LogPakFile: OnPakFileMounted2Time == 0.000242
[2022.03.24-20.17.43:439][  0]LogPakFile: PakFile PrimaryIndexSize=185
[2022.03.24-20.17.43:439][  0]LogPakFile: PakFile PathHashIndexSize=101
[2022.03.24-20.17.43:440][  0]LogPakFile: PakFile FullDirectoryIndexSize=144
[2022.03.24-20.17.43:440][  0]LogShaderLibrary: Display: ShaderCodeLibraryPakFileMountedCallback: PakFile 'D:/UE4.27/UE_4.27/FeaturePacks/TP_VehicleBP.upack' (chunk index -1, root 'root:/') mounted
[2022.03.24-20.17.43:440][  0]LogShaderLibrary: Display: ShaderCodeLibraryPakFileMountedCallback: pending pak file info (ChunkID:-1 Root:root:/ File:D:/UE4.27/UE_4.27/FeaturePacks/TP_VehicleBP.upack)
[2022.03.24-20.17.43:440][  0]LogPakFile: OnPakFileMounted2Time == 0.000432
[2022.03.24-20.17.43:446][  0]LogPakFile: PakFile PrimaryIndexSize=192
[2022.03.24-20.17.43:446][  0]LogPakFile: PakFile PathHashIndexSize=101
[2022.03.24-20.17.43:446][  0]LogPakFile: PakFile FullDirectoryIndexSize=158
[2022.03.24-20.17.43:446][  0]LogShaderLibrary: Display: ShaderCodeLibraryPakFileMountedCallback: PakFile 'D:/UE4.27/UE_4.27/FeaturePacks/TP_VirtualRealityBP.upack' (chunk index -1, root 'root:/') mounted
[2022.03.24-20.17.43:446][  0]LogShaderLibrary: Display: ShaderCodeLibraryPakFileMountedCallback: pending pak file info (ChunkID:-1 Root:root:/ File:D:/UE4.27/UE_4.27/FeaturePacks/TP_VirtualRealityBP.upack)
[2022.03.24-20.17.43:447][  0]LogPakFile: OnPakFileMounted2Time == 0.000286
[2022.03.24-20.17.46:528][  0]LogNativeClassHierarchy: Verbose: Native class hierarchy updated for 'AddContentDialog' in 0.0004 seconds. Added 0 classes and 0 folders.
[2022.03.24-20.17.46:536][  0]LogNativeClassHierarchy: Verbose: Native class hierarchy updated for 'SceneOutliner' in 0.0008 seconds. Added 2 classes and 0 folders.
[2022.03.24-20.17.47:058][  0]LogNativeClassHierarchy: Verbose: Native class hierarchy updated for 'HierarchicalLODOutliner' in 0.0004 seconds. Added 0 classes and 0 folders.
[2022.03.24-20.17.47:082][  0]LogLoad: (Engine Initialization) Total time: 140.48 seconds
[2022.03.24-20.17.47:083][  0]LogLoad: (Engine Initialization) Total Blueprint compile time: 0.00 seconds
[2022.03.24-20.17.47:314][  0]LogContentStreaming: Texture pool size now 1000 MB
[2022.03.24-20.17.47:517][  0]LogSlate: Took 0.032955 seconds to synchronously load lazily loaded font '../../../Engine/Content/Slate/Fonts/Roboto-Regular.ttf' (155K)
[2022.03.24-20.17.47:541][  0]LogSlate: Took 0.022896 seconds to synchronously load lazily loaded font '../../../Engine/Content/Editor/Slate/Fonts/FontAwesome.ttf' (139K)
[2022.03.24-20.17.47:613][  0]LogSlate: Took 0.070314 seconds to synchronously load lazily loaded font '../../../Engine/Content/Slate/Fonts/Roboto-Bold.ttf' (160K)
[2022.03.24-20.17.48:985][  0]LogRenderer: Reallocating scene render targets to support 688x564 Format 10 NumSamples 1 (Frame:1).
[2022.03.24-20.17.48:985][  0]LogSlate: Took 0.037488 seconds to synchronously load lazily loaded font '../../../Engine/Content/Slate/Fonts/Roboto-Light.ttf' (167K)
[2022.03.24-20.17.49:838][  4]LogAssetRegistry: Asset discovery search completed in 78.4351 seconds
[2022.03.24-20.17.49:957][  4]LogCollectionManager: Fixed up redirectors for 0 collections in 0.000005 seconds (updated 0 objects)
[2022.03.24-20.19.17:198][272]LogSlate: Took 0.020220 seconds to synchronously load lazily loaded font '../../../Engine/Content/Slate/Fonts/Roboto-Italic.ttf' (157K)
